

Microchip MPLAB XC8 Assembler V3.00 build 20241204225717 
                                                                                               Sun Apr 27 13:26:13 2025

Microchip MPLAB XC8 C Compiler v3.00 (Free license) build 20241204225717 Og1 
     1                           	processor	18F452
     2                           	fnconf	rparam,??,?,0
     3                           	pagewidth 120
     4                           	opt	flic
     5                           	psect	cinit,global,reloc=2,class=CODE,space=0,delta=1
     6                           	psect	cstackCOMRAM,global,class=COMRAM,space=1,delta=1,lowdata,noexec
     7                           	psect	text0,global,reloc=2,class=CODE,space=0,delta=1
     8                           	psect	text1,global,reloc=2,class=CODE,space=0,delta=1
     9                           	psect	smallconst,global,reloc=2,class=SMALLCONST,space=0,delta=1,noexec
    10                           	psect	intsave_regs,global,class=BIGRAM,space=1,delta=1,noexec
    11                           	psect	rparam,global,class=COMRAM,space=1,delta=1,noexec
    12                           	psect	config,global,abs,ovrld,class=CONFIG,space=4,delta=1,noexec
    13   000000                     
    14                           ; Generated 17/01/2025 GMT
    15                           ; 
    16                           ; Copyright © 2025, Microchip Technology Inc. and its subsidiaries ("Microchip")
    17                           ; All rights reserved.
    18                           ; 
    19                           ; This software is developed by Microchip Technology Inc. and its subsidiaries ("Microch
      +                          ip").
    20                           ; 
    21                           ; Redistribution and use in source and binary forms, with or without modification, are
    22                           ; permitted provided that the following conditions are met:
    23                           ; 
    24                           ;     1. Redistributions of source code must retain the above copyright notice, this lis
      +                          t of
    25                           ;        conditions and the following disclaimer.
    26                           ; 
    27                           ;     2. Redistributions in binary form must reproduce the above copyright notice, this 
      +                          list
    28                           ;        of conditions and the following disclaimer in the documentation and/or other
    29                           ;        materials provided with the distribution. Publication is not required when
    30                           ;        this file is used in an embedded application.
    31                           ; 
    32                           ;     3. Microchip's name may not be used to endorse or promote products derived from th
      +                          is
    33                           ;        software without specific prior written permission.
    34                           ; 
    35                           ; THIS SOFTWARE IS PROVIDED BY MICROCHIP "AS IS" AND ANY EXPRESS OR IMPLIED WARRANTIES,
    36                           ; INCLUDING, BUT NOT LIMITED TO, THE IMPLIED WARRANTIES OF MERCHANTABILITY AND FITNESS F
      +                          OR
    37                           ; PURPOSE ARE DISCLAIMED.  IN NO EVENT SHALL MICROCHIP BE LIABLE FOR ANY DIRECT, INDIREC
      +                          T,
    38                           ; INCIDENTAL, SPECIAL, EXEMPLARY, OR CONSEQUENTIAL DAMAGES (INCLUDING BUT NOT LIMITED TO
    39                           ; PROCUREMENT OF SUBSTITUTE GOODS OR SERVICES; LOSS OF USE, DATA OR PROFITS; OR BUSINESS
    40                           ; INTERRUPTION) HOWSOEVER CAUSED AND ON ANY THEORY OF LIABILITY, WHETHER IN CONTRACT, ST
      +                          RICT
    41                           ; LIABILITY, OR TORT (INCLUDING NEGLIGENCE OR OTHERWISE) ARISING IN ANY WAY OUT OF THE U
      +                          SE OF
    42                           ; THIS SOFTWARE, EVEN IF ADVISED OF THE POSSIBILITY OF SUCH DAMAGE.
    43                           ; 
    44                           ; 
    45                           ; Code-generator required, PIC18F452 Definitions
    46                           ; 
    47                           ; SFR Addresses
    48   000FE0                     bsr             equ	4064
    49   000FE9                     fsr0            equ	4073
    50   000FEA                     fsr0h           equ	4074
    51   000FE9                     fsr0l           equ	4073
    52   000FE1                     fsr1            equ	4065
    53   000FE2                     fsr1h           equ	4066
    54   000FE1                     fsr1l           equ	4065
    55   000FD9                     fsr2            equ	4057
    56   000FDA                     fsr2h           equ	4058
    57   000FD9                     fsr2l           equ	4057
    58   000FEF                     indf0           equ	4079
    59   000FE7                     indf1           equ	4071
    60   000FDF                     indf2           equ	4063
    61   000FF2                     intcon          equ	4082
    62   000000                     nvmcon          equ	0
    63   000FF9                     pcl             equ	4089
    64   000FFA                     pclath          equ	4090
    65   000FFB                     pclatu          equ	4091
    66   000FEB                     plusw0          equ	4075
    67   000FE3                     plusw1          equ	4067
    68   000FDB                     plusw2          equ	4059
    69   000FED                     postdec0        equ	4077
    70   000FE5                     postdec1        equ	4069
    71   000FDD                     postdec2        equ	4061
    72   000FEE                     postinc0        equ	4078
    73   000FE6                     postinc1        equ	4070
    74   000FDE                     postinc2        equ	4062
    75   000FEC                     preinc0         equ	4076
    76   000FE4                     preinc1         equ	4068
    77   000FDC                     preinc2         equ	4060
    78   000FF3                     prod            equ	4083
    79   000FF4                     prodh           equ	4084
    80   000FF3                     prodl           equ	4083
    81   000FD8                     status          equ	4056
    82   000FF5                     tablat          equ	4085
    83   000FF6                     tblptr          equ	4086
    84   000FF7                     tblptrh         equ	4087
    85   000FF6                     tblptrl         equ	4086
    86   000FF8                     tblptru         equ	4088
    87   000FFD                     tosl            equ	4093
    88   000FE8                     wreg            equ	4072
    89   000F80                     PORTA           equ	3968	;# 
    90   000F81                     PORTB           equ	3969	;# 
    91   000F82                     PORTC           equ	3970	;# 
    92   000F83                     PORTD           equ	3971	;# 
    93   000F84                     PORTE           equ	3972	;# 
    94   000F89                     LATA            equ	3977	;# 
    95   000F8A                     LATB            equ	3978	;# 
    96   000F8B                     LATC            equ	3979	;# 
    97   000F8C                     LATD            equ	3980	;# 
    98   000F8D                     LATE            equ	3981	;# 
    99   000F92                     TRISA           equ	3986	;# 
   100   000F92                     DDRA            equ	3986	;# 
   101   000F93                     TRISB           equ	3987	;# 
   102   000F93                     DDRB            equ	3987	;# 
   103   000F94                     TRISC           equ	3988	;# 
   104   000F94                     DDRC            equ	3988	;# 
   105   000F95                     TRISD           equ	3989	;# 
   106   000F95                     DDRD            equ	3989	;# 
   107   000F96                     TRISE           equ	3990	;# 
   108   000F96                     DDRE            equ	3990	;# 
   109   000F9D                     PIE1            equ	3997	;# 
   110   000F9E                     PIR1            equ	3998	;# 
   111   000F9F                     IPR1            equ	3999	;# 
   112   000FA0                     PIE2            equ	4000	;# 
   113   000FA1                     PIR2            equ	4001	;# 
   114   000FA2                     IPR2            equ	4002	;# 
   115   000FA6                     EECON1          equ	4006	;# 
   116   000FA7                     EECON2          equ	4007	;# 
   117   000FA8                     EEDATA          equ	4008	;# 
   118   000FA9                     EEADR           equ	4009	;# 
   119   000FAB                     RCSTA           equ	4011	;# 
   120   000FAB                     RCSTA1          equ	4011	;# 
   121   000FAC                     TXSTA           equ	4012	;# 
   122   000FAC                     TXSTA1          equ	4012	;# 
   123   000FAD                     TXREG           equ	4013	;# 
   124   000FAD                     TXREG1          equ	4013	;# 
   125   000FAE                     RCREG           equ	4014	;# 
   126   000FAE                     RCREG1          equ	4014	;# 
   127   000FAF                     SPBRG           equ	4015	;# 
   128   000FAF                     SPBRG1          equ	4015	;# 
   129   000FB1                     T3CON           equ	4017	;# 
   130   000FB2                     TMR3            equ	4018	;# 
   131   000FB2                     TMR3L           equ	4018	;# 
   132   000FB3                     TMR3H           equ	4019	;# 
   133   000FBA                     CCP2CON         equ	4026	;# 
   134   000FBB                     CCPR2           equ	4027	;# 
   135   000FBB                     CCPR2L          equ	4027	;# 
   136   000FBC                     CCPR2H          equ	4028	;# 
   137   000FBD                     CCP1CON         equ	4029	;# 
   138   000FBE                     CCPR1           equ	4030	;# 
   139   000FBE                     CCPR1L          equ	4030	;# 
   140   000FBF                     CCPR1H          equ	4031	;# 
   141   000FC1                     ADCON1          equ	4033	;# 
   142   000FC2                     ADCON0          equ	4034	;# 
   143   000FC3                     ADRES           equ	4035	;# 
   144   000FC3                     ADRESL          equ	4035	;# 
   145   000FC4                     ADRESH          equ	4036	;# 
   146   000FC5                     SSPCON2         equ	4037	;# 
   147   000FC6                     SSPCON1         equ	4038	;# 
   148   000FC7                     SSPSTAT         equ	4039	;# 
   149   000FC8                     SSPADD          equ	4040	;# 
   150   000FC9                     SSPBUF          equ	4041	;# 
   151   000FCA                     T2CON           equ	4042	;# 
   152   000FCB                     PR2             equ	4043	;# 
   153   000FCB                     MEMCON          equ	4043	;# 
   154   000FCC                     TMR2            equ	4044	;# 
   155   000FCD                     T1CON           equ	4045	;# 
   156   000FCE                     TMR1            equ	4046	;# 
   157   000FCE                     TMR1L           equ	4046	;# 
   158   000FCF                     TMR1H           equ	4047	;# 
   159   000FD0                     RCON            equ	4048	;# 
   160   000FD1                     WDTCON          equ	4049	;# 
   161   000FD2                     LVDCON          equ	4050	;# 
   162   000FD3                     OSCCON          equ	4051	;# 
   163   000FD5                     T0CON           equ	4053	;# 
   164   000FD6                     TMR0            equ	4054	;# 
   165   000FD6                     TMR0L           equ	4054	;# 
   166   000FD7                     TMR0H           equ	4055	;# 
   167   000FD8                     STATUS          equ	4056	;# 
   168   000FD9                     FSR2            equ	4057	;# 
   169   000FD9                     FSR2L           equ	4057	;# 
   170   000FDA                     FSR2H           equ	4058	;# 
   171   000FDB                     PLUSW2          equ	4059	;# 
   172   000FDC                     PREINC2         equ	4060	;# 
   173   000FDD                     POSTDEC2        equ	4061	;# 
   174   000FDE                     POSTINC2        equ	4062	;# 
   175   000FDF                     INDF2           equ	4063	;# 
   176   000FE0                     BSR             equ	4064	;# 
   177   000FE1                     FSR1            equ	4065	;# 
   178   000FE1                     FSR1L           equ	4065	;# 
   179   000FE2                     FSR1H           equ	4066	;# 
   180   000FE3                     PLUSW1          equ	4067	;# 
   181   000FE4                     PREINC1         equ	4068	;# 
   182   000FE5                     POSTDEC1        equ	4069	;# 
   183   000FE6                     POSTINC1        equ	4070	;# 
   184   000FE7                     INDF1           equ	4071	;# 
   185   000FE8                     WREG            equ	4072	;# 
   186   000FE9                     FSR0            equ	4073	;# 
   187   000FE9                     FSR0L           equ	4073	;# 
   188   000FEA                     FSR0H           equ	4074	;# 
   189   000FEB                     PLUSW0          equ	4075	;# 
   190   000FEC                     PREINC0         equ	4076	;# 
   191   000FED                     POSTDEC0        equ	4077	;# 
   192   000FEE                     POSTINC0        equ	4078	;# 
   193   000FEF                     INDF0           equ	4079	;# 
   194   000FF0                     INTCON3         equ	4080	;# 
   195   000FF1                     INTCON2         equ	4081	;# 
   196   000FF2                     INTCON          equ	4082	;# 
   197   000FF2                     INTCON1         equ	4082	;# 
   198   000FF3                     PROD            equ	4083	;# 
   199   000FF3                     PRODL           equ	4083	;# 
   200   000FF4                     PRODH           equ	4084	;# 
   201   000FF5                     TABLAT          equ	4085	;# 
   202   000FF6                     TBLPTR          equ	4086	;# 
   203   000FF6                     TBLPTRL         equ	4086	;# 
   204   000FF7                     TBLPTRH         equ	4087	;# 
   205   000FF8                     TBLPTRU         equ	4088	;# 
   206   000FF9                     PCLAT           equ	4089	;# 
   207   000FF9                     PC              equ	4089	;# 
   208   000FF9                     PCL             equ	4089	;# 
   209   000FFA                     PCLATH          equ	4090	;# 
   210   000FFB                     PCLATU          equ	4091	;# 
   211   000FFC                     STKPTR          equ	4092	;# 
   212   000FFD                     TOS             equ	4093	;# 
   213   000FFD                     TOSL            equ	4093	;# 
   214   000FFE                     TOSH            equ	4094	;# 
   215   000FFF                     TOSU            equ	4095	;# 
   216   000F83                     _PORTDbits      set	3971
   217   000F95                     _TRISDbits      set	3989
   218                           
   219                           ; #config settings
   220                           
   221                           	psect	cinit
   222   000688                     __pcinit:
   223                           	callstack 0
   224   000688                     start_initialization:
   225                           	callstack 0
   226   000688                     __initialization:
   227                           	callstack 0
   228   000688                     end_of_initialization:
   229                           	callstack 0
   230   000688                     __end_of__initialization:
   231                           	callstack 0
   232   000688  0100               	movlb	0
   233   00068A  EF2F  F003         	goto	_main	;jump to C main() function
   234                           
   235                           	psect	cstackCOMRAM
   236   000001                     __pcstackCOMRAM:
   237                           	callstack 0
   238   000001                     msdelay@time:
   239                           	callstack 0
   240                           
   241                           ; 2 bytes @ 0x0
   242   000001                     	ds	2
   243   000003                     msdelay@i:
   244                           	callstack 0
   245   000003                     
   246                           ; 1 bytes @ 0x2
   247   000003                     	ds	2
   248   000005                     msdelay@j:
   249                           	callstack 0
   250                           
   251                           ; 2 bytes @ 0x4
   252   000005                     	ds	2
   253   000007                     
   254                           ; 1 bytes @ 0x6
   255 ;;
   256 ;;Main: autosize = 0, tempsize = 0, incstack = 0, save=0
   257 ;;
   258 ;; *************** function _main *****************
   259 ;; Defined at:
   260 ;;		line 10 in file "main.c"
   261 ;; Parameters:    Size  Location     Type
   262 ;;		None
   263 ;; Auto vars:     Size  Location     Type
   264 ;;		None
   265 ;; Return value:  Size  Location     Type
   266 ;;                  1    wreg      void 
   267 ;; Registers used:
   268 ;;		wreg, status,2, status,0, cstack
   269 ;; Tracked objects:
   270 ;;		On entry : 0/0
   271 ;;		On exit  : 0/0
   272 ;;		Unchanged: 0/0
   273 ;; Data sizes:     COMRAM   BANK0   BANK1   BANK2   BANK3   BANK4   BANK5
   274 ;;      Params:         0       0       0       0       0       0       0
   275 ;;      Locals:         0       0       0       0       0       0       0
   276 ;;      Temps:          0       0       0       0       0       0       0
   277 ;;      Totals:         0       0       0       0       0       0       0
   278 ;;Total ram usage:        0 bytes
   279 ;; Hardware stack levels required when called: 1
   280 ;; This function calls:
   281 ;;		_msdelay
   282 ;; This function is called by:
   283 ;;		Startup code after reset
   284 ;; This function uses a non-reentrant model
   285 ;;
   286                           
   287                           	psect	text0
   288   00065E                     __ptext0:
   289                           	callstack 0
   290   00065E                     _main:
   291                           	callstack 30
   292   00065E  FFFF               	dw	65535	; assembler added errata NOP
   293                           
   294                           ;main.c: 11:         msdelay(500);
   295   000660  9095               	bcf	149,0,c	;volatile
   296   000662                     l11:
   297   000662  FFFF               	dw	65535	; assembler added errata NOP
   298                           
   299                           ;main.c: 14: 
   300   000664  8083               	bsf	131,0,c	;volatile
   301   000666                     
   302                           ;main.c: 15: void msdelay(unsigned int time) {
   303   000666  0E01               	movlw	1
   304   000668  6E02               	movwf	(msdelay@time+1)^0,c
   305   00066A  0EF4               	movlw	244
   306   00066C  6E01               	movwf	msdelay@time^0,c
   307   00066E  EC01  F003         	call	_msdelay	;wreg free
   308   000672                     
   309                           ;main.c: 16:     unsigned int i, j;
   310   000672  9083               	bcf	131,0,c	;volatile
   311                           
   312                           ;main.c: 17:     for (i = 0; i < time; i++) {
   313   000674  0E01               	movlw	1
   314   000676  6E02               	movwf	(msdelay@time+1)^0,c
   315   000678  0EF4               	movlw	244
   316   00067A  6E01               	movwf	msdelay@time^0,c
   317   00067C  EC01  F003         	call	_msdelay	;wreg free
   318   000680  EF31  F003         	goto	l11
   319   000684  EFFE  F01F         	goto	start
   320   000688                     __end_of_main:
   321                           	callstack 0
   322                           
   323 ;; *************** function _msdelay *****************
   324 ;; Defined at:
   325 ;;		line 21 in file "main.c"
   326 ;; Parameters:    Size  Location     Type
   327 ;;  time            2    0[COMRAM] unsigned int 
   328 ;; Auto vars:     Size  Location     Type
   329 ;;  j               2    4[COMRAM] unsigned int 
   330 ;;  i               2    2[COMRAM] unsigned int 
   331 ;; Return value:  Size  Location     Type
   332 ;;                  1    wreg      void 
   333 ;; Registers used:
   334 ;;		wreg, status,2, status,0
   335 ;; Tracked objects:
   336 ;;		On entry : 0/0
   337 ;;		On exit  : 0/0
   338 ;;		Unchanged: 0/0
   339 ;; Data sizes:     COMRAM   BANK0   BANK1   BANK2   BANK3   BANK4   BANK5
   340 ;;      Params:         2       0       0       0       0       0       0
   341 ;;      Locals:         4       0       0       0       0       0       0
   342 ;;      Temps:          0       0       0       0       0       0       0
   343 ;;      Totals:         6       0       0       0       0       0       0
   344 ;;Total ram usage:        6 bytes
   345 ;; Hardware stack levels used: 1
   346 ;; This function calls:
   347 ;;		Nothing
   348 ;; This function is called by:
   349 ;;		_main
   350 ;; This function uses a non-reentrant model
   351 ;;
   352                           
   353                           	psect	text1
   354   000602                     __ptext1:
   355                           	callstack 0
   356   000602                     _msdelay:
   357                           	callstack 0
   358   000602  FFFF               	dw	65535	; assembler added errata NOP
   359   000604  0E00               	movlw	0
   360   000606  6E04               	movwf	(msdelay@i+1)^0,c
   361   000608  0E00               	movlw	0
   362   00060A  6E03               	movwf	msdelay@i^0,c
   363   00060C  EF1F  F003         	goto	l734
   364   000610                     l722:
   365   000610  FFFF               	dw	65535	; assembler added errata NOP
   366   000612  0E00               	movlw	0
   367   000614  6E06               	movwf	(msdelay@j+1)^0,c
   368   000616  0E00               	movlw	0
   369   000618  6E05               	movwf	msdelay@j^0,c
   370   00061A                     l728:
   371   00061A  FFFF               	dw	65535	; assembler added errata NOP
   372   00061C  4A05               	infsnz	msdelay@j^0,f,c
   373   00061E  2A06               	incf	(msdelay@j+1)^0,f,c
   374   000620  0EC6               	movlw	198
   375   000622  5C05               	subwf	msdelay@j^0,w,c
   376   000624  0E02               	movlw	2
   377   000626  5806               	subwfb	(msdelay@j+1)^0,w,c
   378   000628  A0D8               	btfss	status,0,c
   379   00062A  EF19  F003         	goto	u31
   380   00062E  EF1C  F003         	goto	u30
   381   000632                     u31:
   382   000632  FFFF               	dw	65535	; assembler added errata NOP
   383   000634  EF0D  F003         	goto	l728
   384   000638                     u30:
   385   000638  FFFF               	dw	65535	; assembler added errata NOP
   386   00063A  4A03               	infsnz	msdelay@i^0,f,c
   387   00063C  2A04               	incf	(msdelay@i+1)^0,f,c
   388   00063E                     l734:
   389   00063E  FFFF               	dw	65535	; assembler added errata NOP
   390   000640  5001               	movf	msdelay@time^0,w,c
   391   000642  5C03               	subwf	msdelay@i^0,w,c
   392   000644  5002               	movf	(msdelay@time+1)^0,w,c
   393   000646  5804               	subwfb	(msdelay@i+1)^0,w,c
   394   000648  A0D8               	btfss	status,0,c
   395   00064A  EF29  F003         	goto	u41
   396   00064E  EF2C  F003         	goto	u40
   397   000652                     u41:
   398   000652  FFFF               	dw	65535	; assembler added errata NOP
   399   000654  EF08  F003         	goto	l722
   400   000658                     u40:
   401   000658  FFFF               	dw	65535	; assembler added errata NOP
   402   00065A  0012               	return		;funcret
   403   00065C  FFFF               	dw	65535	; errata NOP
   404   00065E                     __end_of_msdelay:
   405                           	callstack 0
   406                           
   407                           	psect	smallconst
   408   000600                     __psmallconst:
   409                           	callstack 0
   410   000600  00                 	db	0
   411   000601  00                 	db	0	; dummy byte at the end
   412   000600                     __smallconst    set	__psmallconst
   413   000600                     __mediumconst   set	__psmallconst
   414   000000                     __activetblptr  equ	0
   415                           
   416                           	psect	rparam
   417   000001                     ___rparam_used  equ	1
   418   000000                     ___param_bank   equ	0
   419   000000                     __Lparam        equ	__Lrparam
   420   000000                     __Hparam        equ	__Hrparam
   421                           
   422                           	psect	config
   423                           
   424                           ;Config register CONFIG2L @ 0x300002
   425                           ;	unspecified, using default values
   426                           ;	Power-up Timer Enable bit
   427                           ;	PWRT = 0x1, unprogrammed default
   428                           ;	Brown-out Reset Enable bit
   429                           ;	BOR = 0x1, unprogrammed default
   430                           ;	Brown-out Reset Voltage bits
   431                           ;	BORV = 0x3, unprogrammed default
   432   300002                     	org	3145730
   433   300002  0F                 	db	15
   434                           
   435                           ;Config register CONFIG2H @ 0x300003
   436                           ;	Watchdog Timer Enable bit
   437                           ;	WDT = OFF, WDT disabled (control is placed on the SWDTEN bit)
   438                           ;	Watchdog Timer Postscale Select bits
   439                           ;	WDTPS = 0x7, unprogrammed default
   440   300003                     	org	3145731
   441   300003  0E                 	db	14
   442                           
   443                           ;Config register CONFIG4L @ 0x300006
   444                           ;	Stack Full/Underflow Reset Enable bit
   445                           ;	STVR = 0x1, unprogrammed default
   446                           ;	Low Voltage ICSP Enable bit
   447                           ;	LVP = OFF, Low Voltage ICSP disabled
   448                           ;	Background Debugger Enable bit
   449                           ;	DEBUG = 0x1, unprogrammed default
   450   300006                     	org	3145734
   451   300006  81                 	db	129
   452                           
   453                           ; Padding undefined space
   454   300007                     	org	3145735
   455   300007  FF                 	db	255
   456                           tosu	equ	0xFFF
   457                           tosh	equ	0xFFE
   458                           tosl	equ	0xFFD
   459                           stkptr	equ	0xFFC
   460                           pclatu	equ	0xFFB
   461                           pclath	equ	0xFFA
   462                           pcl	equ	0xFF9
   463                           tblptru	equ	0xFF8
   464                           tblptrh	equ	0xFF7
   465                           tblptrl	equ	0xFF6
   466                           tablat	equ	0xFF5
   467                           prodh	equ	0xFF4
   468                           prodl	equ	0xFF3
   469                           indf0	equ	0xFEF
   470                           postinc0	equ	0xFEE
   471                           postdec0	equ	0xFED
   472                           preinc0	equ	0xFEC
   473                           plusw0	equ	0xFEB
   474                           fsr0h	equ	0xFEA
   475                           fsr0l	equ	0xFE9
   476                           wreg	equ	0xFE8
   477                           indf1	equ	0xFE7
   478                           postinc1	equ	0xFE6
   479                           postdec1	equ	0xFE5
   480                           preinc1	equ	0xFE4
   481                           plusw1	equ	0xFE3
   482                           fsr1h	equ	0xFE2
   483                           fsr1l	equ	0xFE1
   484                           bsr	equ	0xFE0
   485                           indf2	equ	0xFDF
   486                           postinc2	equ	0xFDE
   487                           postdec2	equ	0xFDD
   488                           preinc2	equ	0xFDC
   489                           plusw2	equ	0xFDB
   490                           fsr2h	equ	0xFDA
   491                           fsr2l	equ	0xFD9
   492                           status	equ	0xFD8

Data Sizes:
    Strings     0
    Constant    0
    Data        0
    BSS         0
    Persistent  0
    Stack       0

Auto Spaces:
    Space          Size  Autos    Used
    COMRAM          127      6       6
    BANK0           128      0       0
    BANK1           256      0       0
    BANK2           256      0       0
    BANK3           256      0       0
    BANK4           256      0       0
    BANK5           256      0       0

Pointer List with Targets:

    None.

Critical Paths under _main in COMRAM

    _main->_msdelay

Critical Paths under _main in BANK0

    None.

Critical Paths under _main in BANK1

    None.

Critical Paths under _main in BANK2

    None.

Critical Paths under _main in BANK3

    None.

Critical Paths under _main in BANK4

    None.

Critical Paths under _main in BANK5

    None.

Call Graph Tables:

 ---------------------------------------------------------------------------------
 (Depth) Function   	        Calls       Base Space   Used Autos Params    Refs
 ---------------------------------------------------------------------------------
 (0) _main                                                 0     0      0      94
                            _msdelay
 ---------------------------------------------------------------------------------
 (1) _msdelay                                              6     4      2      94
                                              0 COMRAM     6     4      2
 ---------------------------------------------------------------------------------
 Estimated maximum stack depth 1
 ---------------------------------------------------------------------------------

 Call Graph Graphs:

 _main (ROOT)
   _msdelay

Address spaces:
Name               Size   Autos  Total    Usage
BITCOMRAM          127      0       0      0.0%
BITBANK0           128      0       0      0.0%
BITBANK1           256      0       0      0.0%
BITBANK2           256      0       0      0.0%
BITBANK3           256      0       0      0.0%
BITBANK4           256      0       0      0.0%
BITBANK5           256      0       0      0.0%
BITBIGSFRh         124      0       0      0.0%
BITBIGSFRl           3      0       0      0.0%
COMRAM             127      6       6      4.7%
BANK0              128      0       0      0.0%
BANK1              256      0       0      0.0%
BANK2              256      0       0      0.0%
BANK3              256      0       0      0.0%
BANK4              256      0       0      0.0%
BANK5              256      0       0      0.0%
BIGRAM            1535      0       0      0.0%
STACK                0      0       0      0.0%
DATA                 0      0       6      0.0%


Microchip Technology PIC18 Macro Assembler V3.00 build 20241204225717 
Symbol Table                                                                                   Sun Apr 27 13:26:13 2025

                                            l11 0662                                              l22 065A  
                                            u30 0638                                              u31 0632  
                                            u40 0658                                              u41 0652  
                                           l720 0604                                             l730 0620  
                                           l722 0610                                             l732 063A  
                                           l740 0672                                             l734 063E  
                                           l728 061A                                             l736 065E  
                                           l738 0666                                            _main 065E  
                                          start 3FFC                                    ___param_bank 0000  
                                         ?_main 0001                                 __end_of_msdelay 065E  
                                         status 0FD8                                 __initialization 0688  
                                  __end_of_main 0688                                          ??_main 0007  
                                 __activetblptr 0000                                          isa$std 0001  
                                     ??_msdelay 0003                                    __mediumconst 0600  
                                    __accesstop 0080                         __end_of__initialization 0688  
                                 ___rparam_used 0001                                  __pcstackCOMRAM 0001  
                                   msdelay@time 0001                                         __Hparam 0000  
                                       __Lparam 0000                                    __psmallconst 0600  
                                       __pcinit 0688                                         __ramtop 0600  
                                       __ptext0 065E                                         __ptext1 0602  
                                       _msdelay 0602                            end_of_initialization 0688  
                                     _PORTDbits 0F83                                       _TRISDbits 0F95  
                           start_initialization 0688                                     __smallconst 0600  
                                      ?_msdelay 0001                                        __Hrparam 0000  
                                      __Lrparam 0000                                        isa$xinst 0000  
                                      msdelay@i 0003                                        msdelay@j 0005  
