

Microchip MPLAB XC8 Assembler V3.00 build 20241204225717 
                                                                                               Thu May 08 15:42:54 2025

Microchip MPLAB XC8 C Compiler v3.00 (Free license) build 20241204225717 Og1 
     1                           	processor	18F4520
     2                           	fnconf	rparam,??,?,0
     3                           	pagewidth 120
     4                           	opt	flic
     5                           	psect	cinit,global,reloc=2,class=CODE,space=0,delta=1
     6                           	psect	cstackCOMRAM,global,class=COMRAM,space=1,delta=1,lowdata,noexec
     7                           	psect	text0,global,reloc=2,class=CODE,space=0,delta=1
     8                           	psect	text1,global,reloc=2,class=CODE,space=0,delta=1
     9                           	psect	smallconst,global,reloc=2,class=SMALLCONST,space=0,delta=1,noexec
    10                           	psect	intsave_regs,global,class=BIGRAM,space=1,delta=1,noexec
    11                           	psect	rparam,global,class=COMRAM,space=1,delta=1,noexec
    12                           	psect	config,global,abs,ovrld,class=CONFIG,space=4,delta=1,noexec
    13   000000                     
    14                           ; Generated 17/01/2025 GMT
    15                           ; 
    16                           ; Copyright © 2025, Microchip Technology Inc. and its subsidiaries ("Microchip")
    17                           ; All rights reserved.
    18                           ; 
    19                           ; This software is developed by Microchip Technology Inc. and its subsidiaries ("Microch
      +                          ip").
    20                           ; 
    21                           ; Redistribution and use in source and binary forms, with or without modification, are
    22                           ; permitted provided that the following conditions are met:
    23                           ; 
    24                           ;     1. Redistributions of source code must retain the above copyright notice, this lis
      +                          t of
    25                           ;        conditions and the following disclaimer.
    26                           ; 
    27                           ;     2. Redistributions in binary form must reproduce the above copyright notice, this 
      +                          list
    28                           ;        of conditions and the following disclaimer in the documentation and/or other
    29                           ;        materials provided with the distribution. Publication is not required when
    30                           ;        this file is used in an embedded application.
    31                           ; 
    32                           ;     3. Microchip's name may not be used to endorse or promote products derived from th
      +                          is
    33                           ;        software without specific prior written permission.
    34                           ; 
    35                           ; THIS SOFTWARE IS PROVIDED BY MICROCHIP "AS IS" AND ANY EXPRESS OR IMPLIED WARRANTIES,
    36                           ; INCLUDING, BUT NOT LIMITED TO, THE IMPLIED WARRANTIES OF MERCHANTABILITY AND FITNESS F
      +                          OR
    37                           ; PURPOSE ARE DISCLAIMED.  IN NO EVENT SHALL MICROCHIP BE LIABLE FOR ANY DIRECT, INDIREC
      +                          T,
    38                           ; INCIDENTAL, SPECIAL, EXEMPLARY, OR CONSEQUENTIAL DAMAGES (INCLUDING BUT NOT LIMITED TO
    39                           ; PROCUREMENT OF SUBSTITUTE GOODS OR SERVICES; LOSS OF USE, DATA OR PROFITS; OR BUSINESS
    40                           ; INTERRUPTION) HOWSOEVER CAUSED AND ON ANY THEORY OF LIABILITY, WHETHER IN CONTRACT, ST
      +                          RICT
    41                           ; LIABILITY, OR TORT (INCLUDING NEGLIGENCE OR OTHERWISE) ARISING IN ANY WAY OUT OF THE U
      +                          SE OF
    42                           ; THIS SOFTWARE, EVEN IF ADVISED OF THE POSSIBILITY OF SUCH DAMAGE.
    43                           ; 
    44                           ; 
    45                           ; Code-generator required, PIC18F4520 Definitions
    46                           ; 
    47                           ; SFR Addresses
    48   000FE0                     bsr             equ	4064
    49   000FE9                     fsr0            equ	4073
    50   000FEA                     fsr0h           equ	4074
    51   000FE9                     fsr0l           equ	4073
    52   000FE1                     fsr1            equ	4065
    53   000FE2                     fsr1h           equ	4066
    54   000FE1                     fsr1l           equ	4065
    55   000FD9                     fsr2            equ	4057
    56   000FDA                     fsr2h           equ	4058
    57   000FD9                     fsr2l           equ	4057
    58   000FEF                     indf0           equ	4079
    59   000FE7                     indf1           equ	4071
    60   000FDF                     indf2           equ	4063
    61   000FF2                     intcon          equ	4082
    62   000000                     nvmcon          equ	0
    63   000FF9                     pcl             equ	4089
    64   000FFA                     pclath          equ	4090
    65   000FFB                     pclatu          equ	4091
    66   000FEB                     plusw0          equ	4075
    67   000FE3                     plusw1          equ	4067
    68   000FDB                     plusw2          equ	4059
    69   000FED                     postdec0        equ	4077
    70   000FE5                     postdec1        equ	4069
    71   000FDD                     postdec2        equ	4061
    72   000FEE                     postinc0        equ	4078
    73   000FE6                     postinc1        equ	4070
    74   000FDE                     postinc2        equ	4062
    75   000FEC                     preinc0         equ	4076
    76   000FE4                     preinc1         equ	4068
    77   000FDC                     preinc2         equ	4060
    78   000FF3                     prod            equ	4083
    79   000FF4                     prodh           equ	4084
    80   000FF3                     prodl           equ	4083
    81   000FD8                     status          equ	4056
    82   000FF5                     tablat          equ	4085
    83   000FF6                     tblptr          equ	4086
    84   000FF7                     tblptrh         equ	4087
    85   000FF6                     tblptrl         equ	4086
    86   000FF8                     tblptru         equ	4088
    87   000FFD                     tosl            equ	4093
    88   000FE8                     wreg            equ	4072
    89   000D60                     RXF6SIDH        equ	3424	;# 
    90   000D61                     RXF6SIDL        equ	3425	;# 
    91   000D62                     RXF6EIDH        equ	3426	;# 
    92   000D63                     RXF6EIDL        equ	3427	;# 
    93   000D64                     RXF7SIDH        equ	3428	;# 
    94   000D65                     RXF7SIDL        equ	3429	;# 
    95   000D66                     RXF7EIDH        equ	3430	;# 
    96   000D67                     RXF7EIDL        equ	3431	;# 
    97   000D68                     RXF8SIDH        equ	3432	;# 
    98   000D69                     RXF8SIDL        equ	3433	;# 
    99   000D6A                     RXF8EIDH        equ	3434	;# 
   100   000D6B                     RXF8EIDL        equ	3435	;# 
   101   000D70                     RXF9SIDH        equ	3440	;# 
   102   000D71                     RXF9SIDL        equ	3441	;# 
   103   000D72                     RXF9EIDH        equ	3442	;# 
   104   000D73                     RXF9EIDL        equ	3443	;# 
   105   000D74                     RXF10SIDH       equ	3444	;# 
   106   000D75                     RXF10SIDL       equ	3445	;# 
   107   000D76                     RXF10EIDH       equ	3446	;# 
   108   000D77                     RXF10EIDL       equ	3447	;# 
   109   000D78                     RXF11SIDH       equ	3448	;# 
   110   000D79                     RXF11SIDL       equ	3449	;# 
   111   000D7A                     RXF11EIDH       equ	3450	;# 
   112   000D7B                     RXF11EIDL       equ	3451	;# 
   113   000D80                     RXF12SIDH       equ	3456	;# 
   114   000D81                     RXF12SIDL       equ	3457	;# 
   115   000D82                     RXF12EIDH       equ	3458	;# 
   116   000D83                     RXF12EIDL       equ	3459	;# 
   117   000D84                     RXF13SIDH       equ	3460	;# 
   118   000D85                     RXF13SIDL       equ	3461	;# 
   119   000D86                     RXF13EIDH       equ	3462	;# 
   120   000D87                     RXF13EIDL       equ	3463	;# 
   121   000D88                     RXF14SIDH       equ	3464	;# 
   122   000D89                     RXF14SIDL       equ	3465	;# 
   123   000D8A                     RXF14EIDH       equ	3466	;# 
   124   000D8B                     RXF14EIDL       equ	3467	;# 
   125   000D90                     RXF15SIDH       equ	3472	;# 
   126   000D91                     RXF15SIDL       equ	3473	;# 
   127   000D92                     RXF15EIDH       equ	3474	;# 
   128   000D93                     RXF15EIDL       equ	3475	;# 
   129   000DD4                     RXFCON0         equ	3540	;# 
   130   000DD5                     RXFCON1         equ	3541	;# 
   131   000DD8                     SDFLC           equ	3544	;# 
   132   000DE0                     RXFBCON0        equ	3552	;# 
   133   000DE1                     RXFBCON1        equ	3553	;# 
   134   000DE2                     RXFBCON2        equ	3554	;# 
   135   000DE3                     RXFBCON3        equ	3555	;# 
   136   000DE4                     RXFBCON4        equ	3556	;# 
   137   000DE5                     RXFBCON5        equ	3557	;# 
   138   000DE6                     RXFBCON6        equ	3558	;# 
   139   000DE7                     RXFBCON7        equ	3559	;# 
   140   000DF0                     MSEL0           equ	3568	;# 
   141   000DF1                     MSEL1           equ	3569	;# 
   142   000DF2                     MSEL2           equ	3570	;# 
   143   000DF3                     MSEL3           equ	3571	;# 
   144   000DF8                     BSEL0           equ	3576	;# 
   145   000DFA                     BIE0            equ	3578	;# 
   146   000DFC                     TXBIE           equ	3580	;# 
   147   000E20                     B0CON           equ	3616	;# 
   148   000E21                     B0SIDH          equ	3617	;# 
   149   000E22                     B0SIDL          equ	3618	;# 
   150   000E23                     B0EIDH          equ	3619	;# 
   151   000E24                     B0EIDL          equ	3620	;# 
   152   000E25                     B0DLC           equ	3621	;# 
   153   000E26                     B0D0            equ	3622	;# 
   154   000E27                     B0D1            equ	3623	;# 
   155   000E28                     B0D2            equ	3624	;# 
   156   000E29                     B0D3            equ	3625	;# 
   157   000E2A                     B0D4            equ	3626	;# 
   158   000E2B                     B0D5            equ	3627	;# 
   159   000E2C                     B0D6            equ	3628	;# 
   160   000E2D                     B0D7            equ	3629	;# 
   161   000E2E                     CANSTAT_RO9     equ	3630	;# 
   162   000E2F                     CANCON_RO9      equ	3631	;# 
   163   000E30                     B1CON           equ	3632	;# 
   164   000E31                     B1SIDH          equ	3633	;# 
   165   000E32                     B1SIDL          equ	3634	;# 
   166   000E33                     B1EIDH          equ	3635	;# 
   167   000E34                     B1EIDL          equ	3636	;# 
   168   000E35                     B1DLC           equ	3637	;# 
   169   000E36                     B1D0            equ	3638	;# 
   170   000E37                     B1D1            equ	3639	;# 
   171   000E38                     B1D2            equ	3640	;# 
   172   000E39                     B1D3            equ	3641	;# 
   173   000E3A                     B1D4            equ	3642	;# 
   174   000E3B                     B1D5            equ	3643	;# 
   175   000E3C                     B1D6            equ	3644	;# 
   176   000E3D                     B1D7            equ	3645	;# 
   177   000E3E                     CANSTAT_RO8     equ	3646	;# 
   178   000E3F                     CANCON_RO8      equ	3647	;# 
   179   000E40                     B2CON           equ	3648	;# 
   180   000E41                     B2SIDH          equ	3649	;# 
   181   000E42                     B2SIDL          equ	3650	;# 
   182   000E43                     B2EIDH          equ	3651	;# 
   183   000E44                     B2EIDL          equ	3652	;# 
   184   000E45                     B2DLC           equ	3653	;# 
   185   000E46                     B2D0            equ	3654	;# 
   186   000E47                     B2D1            equ	3655	;# 
   187   000E48                     B2D2            equ	3656	;# 
   188   000E49                     B2D3            equ	3657	;# 
   189   000E4A                     B2D4            equ	3658	;# 
   190   000E4B                     B2D5            equ	3659	;# 
   191   000E4C                     B2D6            equ	3660	;# 
   192   000E4D                     B2D7            equ	3661	;# 
   193   000E4E                     CANSTAT_RO7     equ	3662	;# 
   194   000E4F                     CANCON_RO7      equ	3663	;# 
   195   000E50                     B3CON           equ	3664	;# 
   196   000E51                     B3SIDH          equ	3665	;# 
   197   000E52                     B3SIDL          equ	3666	;# 
   198   000E53                     B3EIDH          equ	3667	;# 
   199   000E54                     B3EIDL          equ	3668	;# 
   200   000E55                     B3DLC           equ	3669	;# 
   201   000E56                     B3D0            equ	3670	;# 
   202   000E57                     B3D1            equ	3671	;# 
   203   000E58                     B3D2            equ	3672	;# 
   204   000E59                     B3D3            equ	3673	;# 
   205   000E5A                     B3D4            equ	3674	;# 
   206   000E5B                     B3D5            equ	3675	;# 
   207   000E5C                     B3D6            equ	3676	;# 
   208   000E5D                     B3D7            equ	3677	;# 
   209   000E5E                     CANSTAT_RO6     equ	3678	;# 
   210   000E5F                     CANCON_RO6      equ	3679	;# 
   211   000E60                     B4CON           equ	3680	;# 
   212   000E61                     B4SIDH          equ	3681	;# 
   213   000E62                     B4SIDL          equ	3682	;# 
   214   000E63                     B4EIDH          equ	3683	;# 
   215   000E64                     B4EIDL          equ	3684	;# 
   216   000E65                     B4DLC           equ	3685	;# 
   217   000E66                     B4D0            equ	3686	;# 
   218   000E67                     B4D1            equ	3687	;# 
   219   000E68                     B4D2            equ	3688	;# 
   220   000E69                     B4D3            equ	3689	;# 
   221   000E6A                     B4D4            equ	3690	;# 
   222   000E6B                     B4D5            equ	3691	;# 
   223   000E6C                     B4D6            equ	3692	;# 
   224   000E6D                     B4D7            equ	3693	;# 
   225   000E6E                     CANSTAT_RO5     equ	3694	;# 
   226   000E6F                     CANCON_RO5      equ	3695	;# 
   227   000E70                     B5CON           equ	3696	;# 
   228   000E71                     B5SIDH          equ	3697	;# 
   229   000E72                     B5SIDL          equ	3698	;# 
   230   000E73                     B5EIDH          equ	3699	;# 
   231   000E74                     B5EIDL          equ	3700	;# 
   232   000E75                     B5DLC           equ	3701	;# 
   233   000E76                     B5D0            equ	3702	;# 
   234   000E77                     B5D1            equ	3703	;# 
   235   000E78                     B5D2            equ	3704	;# 
   236   000E79                     B5D3            equ	3705	;# 
   237   000E7A                     B5D4            equ	3706	;# 
   238   000E7B                     B5D5            equ	3707	;# 
   239   000E7C                     B5D6            equ	3708	;# 
   240   000E7D                     B5D7            equ	3709	;# 
   241   000E7E                     CANSTAT_RO4     equ	3710	;# 
   242   000E7F                     CANCON_RO4      equ	3711	;# 
   243   000F00                     RXF0SIDH        equ	3840	;# 
   244   000F01                     RXF0SIDL        equ	3841	;# 
   245   000F02                     RXF0EIDH        equ	3842	;# 
   246   000F03                     RXF0EIDL        equ	3843	;# 
   247   000F04                     RXF1SIDH        equ	3844	;# 
   248   000F05                     RXF1SIDL        equ	3845	;# 
   249   000F06                     RXF1EIDH        equ	3846	;# 
   250   000F07                     RXF1EIDL        equ	3847	;# 
   251   000F08                     RXF2SIDH        equ	3848	;# 
   252   000F09                     RXF2SIDL        equ	3849	;# 
   253   000F0A                     RXF2EIDH        equ	3850	;# 
   254   000F0B                     RXF2EIDL        equ	3851	;# 
   255   000F0C                     RXF3SIDH        equ	3852	;# 
   256   000F0D                     RXF3SIDL        equ	3853	;# 
   257   000F0E                     RXF3EIDH        equ	3854	;# 
   258   000F0F                     RXF3EIDL        equ	3855	;# 
   259   000F10                     RXF4SIDH        equ	3856	;# 
   260   000F11                     RXF4SIDL        equ	3857	;# 
   261   000F12                     RXF4EIDH        equ	3858	;# 
   262   000F13                     RXF4EIDL        equ	3859	;# 
   263   000F14                     RXF5SIDH        equ	3860	;# 
   264   000F15                     RXF5SIDL        equ	3861	;# 
   265   000F16                     RXF5EIDH        equ	3862	;# 
   266   000F17                     RXF5EIDL        equ	3863	;# 
   267   000F18                     RXM0SIDH        equ	3864	;# 
   268   000F19                     RXM0SIDL        equ	3865	;# 
   269   000F1A                     RXM0EIDH        equ	3866	;# 
   270   000F1B                     RXM0EIDL        equ	3867	;# 
   271   000F1C                     RXM1SIDH        equ	3868	;# 
   272   000F1D                     RXM1SIDL        equ	3869	;# 
   273   000F1E                     RXM1EIDH        equ	3870	;# 
   274   000F1F                     RXM1EIDL        equ	3871	;# 
   275   000F20                     TXB2CON         equ	3872	;# 
   276   000F21                     TXB2SIDH        equ	3873	;# 
   277   000F22                     TXB2SIDL        equ	3874	;# 
   278   000F23                     TXB2EIDH        equ	3875	;# 
   279   000F24                     TXB2EIDL        equ	3876	;# 
   280   000F25                     TXB2DLC         equ	3877	;# 
   281   000F26                     TXB2D0          equ	3878	;# 
   282   000F27                     TXB2D1          equ	3879	;# 
   283   000F28                     TXB2D2          equ	3880	;# 
   284   000F29                     TXB2D3          equ	3881	;# 
   285   000F2A                     TXB2D4          equ	3882	;# 
   286   000F2B                     TXB2D5          equ	3883	;# 
   287   000F2C                     TXB2D6          equ	3884	;# 
   288   000F2D                     TXB2D7          equ	3885	;# 
   289   000F2E                     CANSTAT_RO3     equ	3886	;# 
   290   000F2F                     CANCON_RO3      equ	3887	;# 
   291   000F30                     TXB1CON         equ	3888	;# 
   292   000F31                     TXB1SIDH        equ	3889	;# 
   293   000F32                     TXB1SIDL        equ	3890	;# 
   294   000F33                     TXB1EIDH        equ	3891	;# 
   295   000F34                     TXB1EIDL        equ	3892	;# 
   296   000F35                     TXB1DLC         equ	3893	;# 
   297   000F36                     TXB1D0          equ	3894	;# 
   298   000F37                     TXB1D1          equ	3895	;# 
   299   000F38                     TXB1D2          equ	3896	;# 
   300   000F39                     TXB1D3          equ	3897	;# 
   301   000F3A                     TXB1D4          equ	3898	;# 
   302   000F3B                     TXB1D5          equ	3899	;# 
   303   000F3C                     TXB1D6          equ	3900	;# 
   304   000F3D                     TXB1D7          equ	3901	;# 
   305   000F3E                     CANSTAT_RO2     equ	3902	;# 
   306   000F3F                     CANCON_RO2      equ	3903	;# 
   307   000F40                     TXB0CON         equ	3904	;# 
   308   000F41                     TXB0SIDH        equ	3905	;# 
   309   000F42                     TXB0SIDL        equ	3906	;# 
   310   000F43                     TXB0EIDH        equ	3907	;# 
   311   000F44                     TXB0EIDL        equ	3908	;# 
   312   000F45                     TXB0DLC         equ	3909	;# 
   313   000F46                     TXB0D0          equ	3910	;# 
   314   000F47                     TXB0D1          equ	3911	;# 
   315   000F48                     TXB0D2          equ	3912	;# 
   316   000F49                     TXB0D3          equ	3913	;# 
   317   000F4A                     TXB0D4          equ	3914	;# 
   318   000F4B                     TXB0D5          equ	3915	;# 
   319   000F4C                     TXB0D6          equ	3916	;# 
   320   000F4D                     TXB0D7          equ	3917	;# 
   321   000F4E                     CANSTAT_RO1     equ	3918	;# 
   322   000F4F                     CANCON_RO1      equ	3919	;# 
   323   000F50                     RXB1CON         equ	3920	;# 
   324   000F51                     RXB1SIDH        equ	3921	;# 
   325   000F52                     RXB1SIDL        equ	3922	;# 
   326   000F53                     RXB1EIDH        equ	3923	;# 
   327   000F54                     RXB1EIDL        equ	3924	;# 
   328   000F55                     RXB1DLC         equ	3925	;# 
   329   000F56                     RXB1D0          equ	3926	;# 
   330   000F57                     RXB1D1          equ	3927	;# 
   331   000F58                     RXB1D2          equ	3928	;# 
   332   000F59                     RXB1D3          equ	3929	;# 
   333   000F5A                     RXB1D4          equ	3930	;# 
   334   000F5B                     RXB1D5          equ	3931	;# 
   335   000F5C                     RXB1D6          equ	3932	;# 
   336   000F5D                     RXB1D7          equ	3933	;# 
   337   000F5E                     CANSTAT_RO0     equ	3934	;# 
   338   000F5F                     CANCON_RO0      equ	3935	;# 
   339   000F60                     RXB0CON         equ	3936	;# 
   340   000F61                     RXB0SIDH        equ	3937	;# 
   341   000F62                     RXB0SIDL        equ	3938	;# 
   342   000F63                     RXB0EIDH        equ	3939	;# 
   343   000F64                     RXB0EIDL        equ	3940	;# 
   344   000F65                     RXB0DLC         equ	3941	;# 
   345   000F66                     RXB0D0          equ	3942	;# 
   346   000F67                     RXB0D1          equ	3943	;# 
   347   000F68                     RXB0D2          equ	3944	;# 
   348   000F69                     RXB0D3          equ	3945	;# 
   349   000F6A                     RXB0D4          equ	3946	;# 
   350   000F6B                     RXB0D5          equ	3947	;# 
   351   000F6C                     RXB0D6          equ	3948	;# 
   352   000F6D                     RXB0D7          equ	3949	;# 
   353   000F6E                     CANSTAT         equ	3950	;# 
   354   000F6F                     CANCON          equ	3951	;# 
   355   000F70                     BRGCON1         equ	3952	;# 
   356   000F71                     BRGCON2         equ	3953	;# 
   357   000F72                     BRGCON3         equ	3954	;# 
   358   000F73                     CIOCON          equ	3955	;# 
   359   000F74                     COMSTAT         equ	3956	;# 
   360   000F75                     RXERRCNT        equ	3957	;# 
   361   000F76                     TXERRCNT        equ	3958	;# 
   362   000F77                     ECANCON         equ	3959	;# 
   363   000F80                     PORTA           equ	3968	;# 
   364   000F81                     PORTB           equ	3969	;# 
   365   000F82                     PORTC           equ	3970	;# 
   366   000F83                     PORTD           equ	3971	;# 
   367   000F84                     PORTE           equ	3972	;# 
   368   000F89                     LATA            equ	3977	;# 
   369   000F8A                     LATB            equ	3978	;# 
   370   000F8B                     LATC            equ	3979	;# 
   371   000F8C                     LATD            equ	3980	;# 
   372   000F8D                     LATE            equ	3981	;# 
   373   000F92                     TRISA           equ	3986	;# 
   374   000F92                     DDRA            equ	3986	;# 
   375   000F93                     TRISB           equ	3987	;# 
   376   000F93                     DDRB            equ	3987	;# 
   377   000F94                     TRISC           equ	3988	;# 
   378   000F94                     DDRC            equ	3988	;# 
   379   000F95                     TRISD           equ	3989	;# 
   380   000F95                     DDRD            equ	3989	;# 
   381   000F96                     TRISE           equ	3990	;# 
   382   000F96                     DDRE            equ	3990	;# 
   383   000F9B                     OSCTUNE         equ	3995	;# 
   384   000F9D                     PIE1            equ	3997	;# 
   385   000F9E                     PIR1            equ	3998	;# 
   386   000F9F                     IPR1            equ	3999	;# 
   387   000FA0                     PIE2            equ	4000	;# 
   388   000FA1                     PIR2            equ	4001	;# 
   389   000FA2                     IPR2            equ	4002	;# 
   390   000FA3                     PIE3            equ	4003	;# 
   391   000FA4                     PIR3            equ	4004	;# 
   392   000FA5                     IPR3            equ	4005	;# 
   393   000FA6                     EECON1          equ	4006	;# 
   394   000FA7                     EECON2          equ	4007	;# 
   395   000FA8                     EEDATA          equ	4008	;# 
   396   000FA9                     EEADR           equ	4009	;# 
   397   000FAB                     RCSTA           equ	4011	;# 
   398   000FAB                     RCSTA1          equ	4011	;# 
   399   000FAC                     TXSTA           equ	4012	;# 
   400   000FAC                     TXSTA1          equ	4012	;# 
   401   000FAD                     TXREG           equ	4013	;# 
   402   000FAD                     TXREG1          equ	4013	;# 
   403   000FAE                     RCREG           equ	4014	;# 
   404   000FAE                     RCREG1          equ	4014	;# 
   405   000FAF                     SPBRG           equ	4015	;# 
   406   000FAF                     SPBRG1          equ	4015	;# 
   407   000FB0                     SPBRGH          equ	4016	;# 
   408   000FB1                     T3CON           equ	4017	;# 
   409   000FB2                     TMR3            equ	4018	;# 
   410   000FB2                     TMR3L           equ	4018	;# 
   411   000FB3                     TMR3H           equ	4019	;# 
   412   000FB4                     CMCON           equ	4020	;# 
   413   000FB5                     CVRCON          equ	4021	;# 
   414   000FB6                     ECCP1AS         equ	4022	;# 
   415   000FB7                     ECCP1DEL        equ	4023	;# 
   416   000FB8                     BAUDCON         equ	4024	;# 
   417   000FB8                     BAUDCTL         equ	4024	;# 
   418   000FBA                     ECCP1CON        equ	4026	;# 
   419   000FBB                     ECCPR1          equ	4027	;# 
   420   000FBB                     ECCPR1L         equ	4027	;# 
   421   000FBC                     ECCPR1H         equ	4028	;# 
   422   000FBD                     CCP1CON         equ	4029	;# 
   423   000FBE                     CCPR1           equ	4030	;# 
   424   000FBE                     CCPR1L          equ	4030	;# 
   425   000FBF                     CCPR1H          equ	4031	;# 
   426   000FC0                     ADCON2          equ	4032	;# 
   427   000FC1                     ADCON1          equ	4033	;# 
   428   000FC2                     ADCON0          equ	4034	;# 
   429   000FC3                     ADRES           equ	4035	;# 
   430   000FC3                     ADRESL          equ	4035	;# 
   431   000FC4                     ADRESH          equ	4036	;# 
   432   000FC5                     SSPCON2         equ	4037	;# 
   433   000FC6                     SSPCON1         equ	4038	;# 
   434   000FC7                     SSPSTAT         equ	4039	;# 
   435   000FC8                     SSPADD          equ	4040	;# 
   436   000FC9                     SSPBUF          equ	4041	;# 
   437   000FCA                     T2CON           equ	4042	;# 
   438   000FCB                     PR2             equ	4043	;# 
   439   000FCB                     MEMCON          equ	4043	;# 
   440   000FCC                     TMR2            equ	4044	;# 
   441   000FCD                     T1CON           equ	4045	;# 
   442   000FCE                     TMR1            equ	4046	;# 
   443   000FCE                     TMR1L           equ	4046	;# 
   444   000FCF                     TMR1H           equ	4047	;# 
   445   000FD0                     RCON            equ	4048	;# 
   446   000FD1                     WDTCON          equ	4049	;# 
   447   000FD2                     HLVDCON         equ	4050	;# 
   448   000FD2                     LVDCON          equ	4050	;# 
   449   000FD3                     OSCCON          equ	4051	;# 
   450   000FD5                     T0CON           equ	4053	;# 
   451   000FD6                     TMR0            equ	4054	;# 
   452   000FD6                     TMR0L           equ	4054	;# 
   453   000FD7                     TMR0H           equ	4055	;# 
   454   000FD8                     STATUS          equ	4056	;# 
   455   000FD9                     FSR2            equ	4057	;# 
   456   000FD9                     FSR2L           equ	4057	;# 
   457   000FDA                     FSR2H           equ	4058	;# 
   458   000FDB                     PLUSW2          equ	4059	;# 
   459   000FDC                     PREINC2         equ	4060	;# 
   460   000FDD                     POSTDEC2        equ	4061	;# 
   461   000FDE                     POSTINC2        equ	4062	;# 
   462   000FDF                     INDF2           equ	4063	;# 
   463   000FE0                     BSR             equ	4064	;# 
   464   000FE1                     FSR1            equ	4065	;# 
   465   000FE1                     FSR1L           equ	4065	;# 
   466   000FE2                     FSR1H           equ	4066	;# 
   467   000FE3                     PLUSW1          equ	4067	;# 
   468   000FE4                     PREINC1         equ	4068	;# 
   469   000FE5                     POSTDEC1        equ	4069	;# 
   470   000FE6                     POSTINC1        equ	4070	;# 
   471   000FE7                     INDF1           equ	4071	;# 
   472   000FE8                     WREG            equ	4072	;# 
   473   000FE9                     FSR0            equ	4073	;# 
   474   000FE9                     FSR0L           equ	4073	;# 
   475   000FEA                     FSR0H           equ	4074	;# 
   476   000FEB                     PLUSW0          equ	4075	;# 
   477   000FEC                     PREINC0         equ	4076	;# 
   478   000FED                     POSTDEC0        equ	4077	;# 
   479   000FEE                     POSTINC0        equ	4078	;# 
   480   000FEF                     INDF0           equ	4079	;# 
   481   000FF0                     INTCON3         equ	4080	;# 
   482   000FF1                     INTCON2         equ	4081	;# 
   483   000FF2                     INTCON          equ	4082	;# 
   484   000FF3                     PROD            equ	4083	;# 
   485   000FF3                     PRODL           equ	4083	;# 
   486   000FF4                     PRODH           equ	4084	;# 
   487   000FF5                     TABLAT          equ	4085	;# 
   488   000FF6                     TBLPTR          equ	4086	;# 
   489   000FF6                     TBLPTRL         equ	4086	;# 
   490   000FF7                     TBLPTRH         equ	4087	;# 
   491   000FF8                     TBLPTRU         equ	4088	;# 
   492   000FF9                     PCLAT           equ	4089	;# 
   493   000FF9                     PC              equ	4089	;# 
   494   000FF9                     PCL             equ	4089	;# 
   495   000FFA                     PCLATH          equ	4090	;# 
   496   000FFB                     PCLATU          equ	4091	;# 
   497   000FFC                     STKPTR          equ	4092	;# 
   498   000FFD                     TOS             equ	4093	;# 
   499   000FFD                     TOSL            equ	4093	;# 
   500   000FFE                     TOSH            equ	4094	;# 
   501   000FFF                     TOSU            equ	4095	;# 
   502   000F81                     _PORTBbits      set	3969
   503   000F93                     _TRISBbits      set	3987
   504                           
   505                           ; #config settings
   506                           
   507                           	psect	cinit
   508   00067A                     __pcinit:
   509                           	callstack 0
   510   00067A                     start_initialization:
   511                           	callstack 0
   512   00067A                     __initialization:
   513                           	callstack 0
   514   00067A                     end_of_initialization:
   515                           	callstack 0
   516   00067A                     __end_of__initialization:
   517                           	callstack 0
   518   00067A  0100               	movlb	0
   519   00067C  EF29  F003         	goto	_main	;jump to C main() function
   520                           
   521                           	psect	cstackCOMRAM
   522   000001                     __pcstackCOMRAM:
   523                           	callstack 0
   524   000001                     msdelay@itime:
   525                           	callstack 0
   526                           
   527                           ; 2 bytes @ 0x0
   528   000001                     	ds	2
   529   000003                     msdelay@i:
   530                           	callstack 0
   531   000003                     
   532                           ; 1 bytes @ 0x2
   533   000003                     	ds	2
   534   000005                     msdelay@j:
   535                           	callstack 0
   536                           
   537                           ; 2 bytes @ 0x4
   538   000005                     	ds	2
   539   000007                     
   540                           ; 1 bytes @ 0x6
   541 ;;
   542 ;;Main: autosize = 0, tempsize = 0, incstack = 0, save=0
   543 ;;
   544 ;; *************** function _main *****************
   545 ;; Defined at:
   546 ;;		line 12 in file "main.c"
   547 ;; Parameters:    Size  Location     Type
   548 ;;		None
   549 ;; Auto vars:     Size  Location     Type
   550 ;;		None
   551 ;; Return value:  Size  Location     Type
   552 ;;                  1    wreg      void 
   553 ;; Registers used:
   554 ;;		wreg, status,2, status,0, cstack
   555 ;; Tracked objects:
   556 ;;		On entry : 0/0
   557 ;;		On exit  : 0/0
   558 ;;		Unchanged: 0/0
   559 ;; Data sizes:     COMRAM   BANK0   BANK1   BANK2   BANK3   BANK4   BANK5
   560 ;;      Params:         0       0       0       0       0       0       0
   561 ;;      Locals:         0       0       0       0       0       0       0
   562 ;;      Temps:          0       0       0       0       0       0       0
   563 ;;      Totals:         0       0       0       0       0       0       0
   564 ;;Total ram usage:        0 bytes
   565 ;; Hardware stack levels required when called: 1
   566 ;; This function calls:
   567 ;;		_msdelay
   568 ;; This function is called by:
   569 ;;		Startup code after reset
   570 ;; This function uses a non-reentrant model
   571 ;;
   572                           
   573                           	psect	text0
   574   000652                     __ptext0:
   575                           	callstack 0
   576   000652                     _main:
   577                           	callstack 30
   578   000652                     
   579                           ;main.c: 13:         msdelay(1000);
   580   000652  9893               	bcf	147,4,c	;volatile
   581                           
   582                           ;main.c: 14:     }
   583   000654  8881               	bsf	129,4,c	;volatile
   584   000656                     l11:
   585                           
   586                           ;main.c: 17: 
   587   000656  9881               	bcf	129,4,c	;volatile
   588   000658                     
   589                           ;main.c: 18: 
   590   000658  0E03               	movlw	3
   591   00065A  6E02               	movwf	(msdelay@itime+1)^0,c
   592   00065C  0EE8               	movlw	232
   593   00065E  6E01               	movwf	msdelay@itime^0,c
   594   000660  EC01  F003         	call	_msdelay	;wreg free
   595   000664                     
   596                           ;main.c: 20:     int i, j;
   597   000664  8881               	bsf	129,4,c	;volatile
   598                           
   599                           ;main.c: 21:     for (i = 0; i < itime; i++)
   600   000666  0E03               	movlw	3
   601   000668  6E02               	movwf	(msdelay@itime+1)^0,c
   602   00066A  0EE8               	movlw	232
   603   00066C  6E01               	movwf	msdelay@itime^0,c
   604   00066E  EC01  F003         	call	_msdelay	;wreg free
   605   000672  EF2B  F003         	goto	l11
   606   000676  EFFE  F03F         	goto	start
   607   00067A                     __end_of_main:
   608                           	callstack 0
   609                           
   610 ;; *************** function _msdelay *****************
   611 ;; Defined at:
   612 ;;		line 27 in file "main.c"
   613 ;; Parameters:    Size  Location     Type
   614 ;;  itime           2    0[COMRAM] unsigned int 
   615 ;; Auto vars:     Size  Location     Type
   616 ;;  j               2    4[COMRAM] int 
   617 ;;  i               2    2[COMRAM] int 
   618 ;; Return value:  Size  Location     Type
   619 ;;                  1    wreg      void 
   620 ;; Registers used:
   621 ;;		wreg, status,2, status,0
   622 ;; Tracked objects:
   623 ;;		On entry : 0/0
   624 ;;		On exit  : 0/0
   625 ;;		Unchanged: 0/0
   626 ;; Data sizes:     COMRAM   BANK0   BANK1   BANK2   BANK3   BANK4   BANK5
   627 ;;      Params:         2       0       0       0       0       0       0
   628 ;;      Locals:         4       0       0       0       0       0       0
   629 ;;      Temps:          0       0       0       0       0       0       0
   630 ;;      Totals:         6       0       0       0       0       0       0
   631 ;;Total ram usage:        6 bytes
   632 ;; Hardware stack levels used: 1
   633 ;; This function calls:
   634 ;;		Nothing
   635 ;; This function is called by:
   636 ;;		_main
   637 ;; This function uses a non-reentrant model
   638 ;;
   639                           
   640                           	psect	text1
   641   000602                     __ptext1:
   642                           	callstack 0
   643   000602                     _msdelay:
   644                           	callstack 30
   645   000602  0E00               	movlw	0
   646   000604  6E04               	movwf	(msdelay@i+1)^0,c
   647   000606  0E00               	movlw	0
   648   000608  6E03               	movwf	msdelay@i^0,c
   649   00060A  EF1D  F003         	goto	l734
   650   00060E                     l722:
   651   00060E  0E00               	movlw	0
   652   000610  6E06               	movwf	(msdelay@j+1)^0,c
   653   000612  0E00               	movlw	0
   654   000614  6E05               	movwf	msdelay@j^0,c
   655   000616                     l728:
   656   000616  4A05               	infsnz	msdelay@j^0,f,c
   657   000618  2A06               	incf	(msdelay@j+1)^0,f,c
   658   00061A  BE06               	btfsc	(msdelay@j+1)^0,7,c
   659   00061C  EF19  F003         	goto	u31
   660   000620  0EFB               	movlw	251
   661   000622  5C05               	subwf	msdelay@j^0,w,c
   662   000624  0E04               	movlw	4
   663   000626  5806               	subwfb	(msdelay@j+1)^0,w,c
   664   000628  A0D8               	btfss	status,0,c
   665   00062A  EF19  F003         	goto	u31
   666   00062E  EF1B  F003         	goto	u30
   667   000632                     u31:
   668   000632  EF0B  F003         	goto	l728
   669   000636                     u30:
   670   000636  4A03               	infsnz	msdelay@i^0,f,c
   671   000638  2A04               	incf	(msdelay@i+1)^0,f,c
   672   00063A                     l734:
   673   00063A  5001               	movf	msdelay@itime^0,w,c
   674   00063C  5C03               	subwf	msdelay@i^0,w,c
   675   00063E  5002               	movf	(msdelay@itime+1)^0,w,c
   676   000640  5804               	subwfb	(msdelay@i+1)^0,w,c
   677   000642  A0D8               	btfss	status,0,c
   678   000644  EF26  F003         	goto	u41
   679   000648  EF28  F003         	goto	u40
   680   00064C                     u41:
   681   00064C  EF07  F003         	goto	l722
   682   000650                     u40:
   683   000650  0012               	return		;funcret
   684   000652                     __end_of_msdelay:
   685                           	callstack 0
   686                           
   687                           	psect	smallconst
   688   000600                     __psmallconst:
   689                           	callstack 0
   690   000600  00                 	db	0
   691   000601  00                 	db	0	; dummy byte at the end
   692   000600                     __smallconst    set	__psmallconst
   693   000600                     __mediumconst   set	__psmallconst
   694   000000                     __activetblptr  equ	0
   695                           
   696                           	psect	rparam
   697   000001                     ___rparam_used  equ	1
   698   000000                     ___param_bank   equ	0
   699   000000                     __Lparam        equ	__Lrparam
   700   000000                     __Hparam        equ	__Hrparam
   701                           
   702                           	psect	config
   703                           
   704                           ; Padding undefined space
   705   300000                     	org	3145728
   706   300000  FF                 	db	255
   707                           
   708                           ;Config register CONFIG1H @ 0x300001
   709                           ;	Oscillator Selection bits
   710                           ;	OSC = HS, HS oscillator
   711                           ;	Fail-Safe Clock Monitor Enable bit
   712                           ;	FCMEN = 0x0, unprogrammed default
   713                           ;	Internal/External Oscillator Switchover bit
   714                           ;	IESO = 0x0, unprogrammed default
   715   300001                     	org	3145729
   716   300001  02                 	db	2
   717                           
   718                           ;Config register CONFIG2L @ 0x300002
   719                           ;	Power-up Timer Enable bit
   720                           ;	PWRT = OFF, PWRT disabled
   721                           ;	Brown-out Reset Enable bits
   722                           ;	BOREN = 0x3, unprogrammed default
   723                           ;	Brown Out Reset Voltage bits
   724                           ;	BORV = 0x3, unprogrammed default
   725   300002                     	org	3145730
   726   300002  1F                 	db	31
   727                           
   728                           ;Config register CONFIG2H @ 0x300003
   729                           ;	Watchdog Timer Enable bit
   730                           ;	WDT = OFF, WDT disabled (control is placed on the SWDTEN bit)
   731                           ;	Watchdog Timer Postscale Select bits
   732                           ;	WDTPS = 0xF, unprogrammed default
   733   300003                     	org	3145731
   734   300003  1E                 	db	30
   735                           
   736                           ;Config register CONFIG4L @ 0x300006
   737                           ;	Stack Full/Underflow Reset Enable bit
   738                           ;	STVREN = 0x1, unprogrammed default
   739                           ;	Single-Supply ICSP Enable bit
   740                           ;	LVP = OFF, Single-Supply ICSP disabled
   741                           ;	Extended Instruction Set Enable bit
   742                           ;	XINST = 0x0, unprogrammed default
   743                           ;	Background Debugger Enable bit
   744                           ;	DEBUG = OFF, Background debugger disabled, RB6 and RB7 configured as general purpose I
      +                          /O pins
   745   300006                     	org	3145734
   746   300006  81                 	db	129
   747                           
   748                           ; Padding undefined space
   749   300007                     	org	3145735
   750   300007  FF                 	db	255
   751                           tosu	equ	0xFFF
   752                           tosh	equ	0xFFE
   753                           tosl	equ	0xFFD
   754                           stkptr	equ	0xFFC
   755                           pclatu	equ	0xFFB
   756                           pclath	equ	0xFFA
   757                           pcl	equ	0xFF9
   758                           tblptru	equ	0xFF8
   759                           tblptrh	equ	0xFF7
   760                           tblptrl	equ	0xFF6
   761                           tablat	equ	0xFF5
   762                           prodh	equ	0xFF4
   763                           prodl	equ	0xFF3
   764                           indf0	equ	0xFEF
   765                           postinc0	equ	0xFEE
   766                           postdec0	equ	0xFED
   767                           preinc0	equ	0xFEC
   768                           plusw0	equ	0xFEB
   769                           fsr0h	equ	0xFEA
   770                           fsr0l	equ	0xFE9
   771                           wreg	equ	0xFE8
   772                           indf1	equ	0xFE7
   773                           postinc1	equ	0xFE6
   774                           postdec1	equ	0xFE5
   775                           preinc1	equ	0xFE4
   776                           plusw1	equ	0xFE3
   777                           fsr1h	equ	0xFE2
   778                           fsr1l	equ	0xFE1
   779                           bsr	equ	0xFE0
   780                           indf2	equ	0xFDF
   781                           postinc2	equ	0xFDE
   782                           postdec2	equ	0xFDD
   783                           preinc2	equ	0xFDC
   784                           plusw2	equ	0xFDB
   785                           fsr2h	equ	0xFDA
   786                           fsr2l	equ	0xFD9
   787                           status	equ	0xFD8

Data Sizes:
    Strings     0
    Constant    0
    Data        0
    BSS         0
    Persistent  0
    Stack       0

Auto Spaces:
    Space          Size  Autos    Used
    COMRAM          127      6       6
    BANK0           128      0       0
    BANK1           256      0       0
    BANK2           256      0       0
    BANK3           256      0       0
    BANK4           256      0       0
    BANK5           256      0       0

Pointer List with Targets:

    None.

Critical Paths under _main in COMRAM

    _main->_msdelay

Critical Paths under _main in BANK0

    None.

Critical Paths under _main in BANK1

    None.

Critical Paths under _main in BANK2

    None.

Critical Paths under _main in BANK3

    None.

Critical Paths under _main in BANK4

    None.

Critical Paths under _main in BANK5

    None.

Call Graph Tables:

 ---------------------------------------------------------------------------------
 (Depth) Function   	        Calls       Base Space   Used Autos Params    Refs
 ---------------------------------------------------------------------------------
 (0) _main                                                 0     0      0      94
                            _msdelay
 ---------------------------------------------------------------------------------
 (1) _msdelay                                              6     4      2      94
                                              0 COMRAM     6     4      2
 ---------------------------------------------------------------------------------
 Estimated maximum stack depth 1
 ---------------------------------------------------------------------------------

 Call Graph Graphs:

 _main (ROOT)
   _msdelay

Address spaces:
Name               Size   Autos  Total    Usage
BITCOMRAM          127      0       0      0.0%
BITBANK0           128      0       0      0.0%
BITBANK1           256      0       0      0.0%
BITBANK2           256      0       0      0.0%
BITBANK3           256      0       0      0.0%
BITBANK4           256      0       0      0.0%
BITBANK5           256      0       0      0.0%
BITBIGSFRh         126      0       0      0.0%
BITBIGSFRl           1      0       0      0.0%
COMRAM             127      6       6      4.7%
BANK0              128      0       0      0.0%
BANK1              256      0       0      0.0%
BANK2              256      0       0      0.0%
BANK3              256      0       0      0.0%
BANK4              256      0       0      0.0%
BANK5              256      0       0      0.0%
BIGRAM            1535      0       0      0.0%
STACK                0      0       0      0.0%
DATA                 0      0       6      0.0%


Microchip Technology PIC18 Macro Assembler V3.00 build 20241204225717 
Symbol Table                                                                                   Thu May 08 15:42:54 2025

                     l11 0656                       l22 0650                       u30 0636  
                     u31 0632                       u40 0650                       u41 064C  
                    l720 0602                      l730 061A                      l722 060E  
                    l732 0636                      l740 0664                      l734 063A  
                    l728 0616                      l736 0652                      l738 0658  
                   _main 0652                     start 7FFC             ___param_bank 0000  
                  ?_main 0001          __end_of_msdelay 0652                    status 0FD8  
        __initialization 067A             __end_of_main 067A                   ??_main 0007  
          __activetblptr 0000                   isa$std 0001                ??_msdelay 0003  
           __mediumconst 0600               __accesstop 0080  __end_of__initialization 067A  
          ___rparam_used 0001           __pcstackCOMRAM 0001                  __Hparam 0000  
                __Lparam 0000             __psmallconst 0600                  __pcinit 067A  
                __ramtop 0600                  __ptext0 0652                  __ptext1 0602  
                _msdelay 0602     end_of_initialization 067A                _PORTBbits 0F81  
              _TRISBbits 0F93      start_initialization 067A              __smallconst 0600  
               ?_msdelay 0001             msdelay@itime 0001                 __Hrparam 0000  
               __Lrparam 0000                 isa$xinst 0000                 msdelay@i 0003  
               msdelay@j 0005  
