

Microchip MPLAB XC8 Assembler V3.00 build 20241204225717 
                                                                                               Thu May 08 09:23:38 2025

Microchip MPLAB XC8 C Compiler v3.00 (Free license) build 20241204225717 Og1 
     1                           	processor	18F452
     2                           	fnconf	rparam,??,?,0
     3                           	pagewidth 120
     4                           	opt	flic
     5                           	psect	idataCOMRAM,global,class=CODE,space=0,delta=1,noexec
     6                           	psect	cinit,global,reloc=2,class=CODE,space=0,delta=1
     7                           	psect	bssCOMRAM,global,class=COMRAM,space=1,delta=1,lowdata,noexec
     8                           	psect	dataCOMRAM,global,class=COMRAM,space=1,delta=1,lowdata,noexec
     9                           	psect	cstackCOMRAM,global,class=COMRAM,space=1,delta=1,lowdata,noexec
    10                           	psect	text0,global,reloc=2,class=CODE,space=0,delta=1
    11                           	psect	smallconst,global,reloc=2,class=SMALLCONST,space=0,delta=1,noexec
    12                           	psect	intsave_regs,global,class=BIGRAM,space=1,delta=1,noexec
    13                           	psect	rparam,global,class=COMRAM,space=1,delta=1,noexec
    14   000000                     
    15                           ; Generated 17/01/2025 GMT
    16                           ; 
    17                           ; Copyright © 2025, Microchip Technology Inc. and its subsidiaries ("Microchip")
    18                           ; All rights reserved.
    19                           ; 
    20                           ; This software is developed by Microchip Technology Inc. and its subsidiaries ("Microch
      +                          ip").
    21                           ; 
    22                           ; Redistribution and use in source and binary forms, with or without modification, are
    23                           ; permitted provided that the following conditions are met:
    24                           ; 
    25                           ;     1. Redistributions of source code must retain the above copyright notice, this lis
      +                          t of
    26                           ;        conditions and the following disclaimer.
    27                           ; 
    28                           ;     2. Redistributions in binary form must reproduce the above copyright notice, this 
      +                          list
    29                           ;        of conditions and the following disclaimer in the documentation and/or other
    30                           ;        materials provided with the distribution. Publication is not required when
    31                           ;        this file is used in an embedded application.
    32                           ; 
    33                           ;     3. Microchip's name may not be used to endorse or promote products derived from th
      +                          is
    34                           ;        software without specific prior written permission.
    35                           ; 
    36                           ; THIS SOFTWARE IS PROVIDED BY MICROCHIP "AS IS" AND ANY EXPRESS OR IMPLIED WARRANTIES,
    37                           ; INCLUDING, BUT NOT LIMITED TO, THE IMPLIED WARRANTIES OF MERCHANTABILITY AND FITNESS F
      +                          OR
    38                           ; PURPOSE ARE DISCLAIMED.  IN NO EVENT SHALL MICROCHIP BE LIABLE FOR ANY DIRECT, INDIREC
      +                          T,
    39                           ; INCIDENTAL, SPECIAL, EXEMPLARY, OR CONSEQUENTIAL DAMAGES (INCLUDING BUT NOT LIMITED TO
    40                           ; PROCUREMENT OF SUBSTITUTE GOODS OR SERVICES; LOSS OF USE, DATA OR PROFITS; OR BUSINESS
    41                           ; INTERRUPTION) HOWSOEVER CAUSED AND ON ANY THEORY OF LIABILITY, WHETHER IN CONTRACT, ST
      +                          RICT
    42                           ; LIABILITY, OR TORT (INCLUDING NEGLIGENCE OR OTHERWISE) ARISING IN ANY WAY OUT OF THE U
      +                          SE OF
    43                           ; THIS SOFTWARE, EVEN IF ADVISED OF THE POSSIBILITY OF SUCH DAMAGE.
    44                           ; 
    45                           ; 
    46                           ; Code-generator required, PIC18F452 Definitions
    47                           ; 
    48                           ; SFR Addresses
    49   000FE0                     bsr             equ	4064
    50   000FE9                     fsr0            equ	4073
    51   000FEA                     fsr0h           equ	4074
    52   000FE9                     fsr0l           equ	4073
    53   000FE1                     fsr1            equ	4065
    54   000FE2                     fsr1h           equ	4066
    55   000FE1                     fsr1l           equ	4065
    56   000FD9                     fsr2            equ	4057
    57   000FDA                     fsr2h           equ	4058
    58   000FD9                     fsr2l           equ	4057
    59   000FEF                     indf0           equ	4079
    60   000FE7                     indf1           equ	4071
    61   000FDF                     indf2           equ	4063
    62   000FF2                     intcon          equ	4082
    63   000000                     nvmcon          equ	0
    64   000FF9                     pcl             equ	4089
    65   000FFA                     pclath          equ	4090
    66   000FFB                     pclatu          equ	4091
    67   000FEB                     plusw0          equ	4075
    68   000FE3                     plusw1          equ	4067
    69   000FDB                     plusw2          equ	4059
    70   000FED                     postdec0        equ	4077
    71   000FE5                     postdec1        equ	4069
    72   000FDD                     postdec2        equ	4061
    73   000FEE                     postinc0        equ	4078
    74   000FE6                     postinc1        equ	4070
    75   000FDE                     postinc2        equ	4062
    76   000FEC                     preinc0         equ	4076
    77   000FE4                     preinc1         equ	4068
    78   000FDC                     preinc2         equ	4060
    79   000FF3                     prod            equ	4083
    80   000FF4                     prodh           equ	4084
    81   000FF3                     prodl           equ	4083
    82   000FD8                     status          equ	4056
    83   000FF5                     tablat          equ	4085
    84   000FF6                     tblptr          equ	4086
    85   000FF7                     tblptrh         equ	4087
    86   000FF6                     tblptrl         equ	4086
    87   000FF8                     tblptru         equ	4088
    88   000FFD                     tosl            equ	4093
    89   000FE8                     wreg            equ	4072
    90   000F80                     PORTA           equ	3968	;# 
    91   000F81                     PORTB           equ	3969	;# 
    92   000F82                     PORTC           equ	3970	;# 
    93   000F83                     PORTD           equ	3971	;# 
    94   000F84                     PORTE           equ	3972	;# 
    95   000F89                     LATA            equ	3977	;# 
    96   000F8A                     LATB            equ	3978	;# 
    97   000F8B                     LATC            equ	3979	;# 
    98   000F8C                     LATD            equ	3980	;# 
    99   000F8D                     LATE            equ	3981	;# 
   100   000F92                     TRISA           equ	3986	;# 
   101   000F92                     DDRA            equ	3986	;# 
   102   000F93                     TRISB           equ	3987	;# 
   103   000F93                     DDRB            equ	3987	;# 
   104   000F94                     TRISC           equ	3988	;# 
   105   000F94                     DDRC            equ	3988	;# 
   106   000F95                     TRISD           equ	3989	;# 
   107   000F95                     DDRD            equ	3989	;# 
   108   000F96                     TRISE           equ	3990	;# 
   109   000F96                     DDRE            equ	3990	;# 
   110   000F9D                     PIE1            equ	3997	;# 
   111   000F9E                     PIR1            equ	3998	;# 
   112   000F9F                     IPR1            equ	3999	;# 
   113   000FA0                     PIE2            equ	4000	;# 
   114   000FA1                     PIR2            equ	4001	;# 
   115   000FA2                     IPR2            equ	4002	;# 
   116   000FA6                     EECON1          equ	4006	;# 
   117   000FA7                     EECON2          equ	4007	;# 
   118   000FA8                     EEDATA          equ	4008	;# 
   119   000FA9                     EEADR           equ	4009	;# 
   120   000FAB                     RCSTA           equ	4011	;# 
   121   000FAB                     RCSTA1          equ	4011	;# 
   122   000FAC                     TXSTA           equ	4012	;# 
   123   000FAC                     TXSTA1          equ	4012	;# 
   124   000FAD                     TXREG           equ	4013	;# 
   125   000FAD                     TXREG1          equ	4013	;# 
   126   000FAE                     RCREG           equ	4014	;# 
   127   000FAE                     RCREG1          equ	4014	;# 
   128   000FAF                     SPBRG           equ	4015	;# 
   129   000FAF                     SPBRG1          equ	4015	;# 
   130   000FB1                     T3CON           equ	4017	;# 
   131   000FB2                     TMR3            equ	4018	;# 
   132   000FB2                     TMR3L           equ	4018	;# 
   133   000FB3                     TMR3H           equ	4019	;# 
   134   000FBA                     CCP2CON         equ	4026	;# 
   135   000FBB                     CCPR2           equ	4027	;# 
   136   000FBB                     CCPR2L          equ	4027	;# 
   137   000FBC                     CCPR2H          equ	4028	;# 
   138   000FBD                     CCP1CON         equ	4029	;# 
   139   000FBE                     CCPR1           equ	4030	;# 
   140   000FBE                     CCPR1L          equ	4030	;# 
   141   000FBF                     CCPR1H          equ	4031	;# 
   142   000FC1                     ADCON1          equ	4033	;# 
   143   000FC2                     ADCON0          equ	4034	;# 
   144   000FC3                     ADRES           equ	4035	;# 
   145   000FC3                     ADRESL          equ	4035	;# 
   146   000FC4                     ADRESH          equ	4036	;# 
   147   000FC5                     SSPCON2         equ	4037	;# 
   148   000FC6                     SSPCON1         equ	4038	;# 
   149   000FC7                     SSPSTAT         equ	4039	;# 
   150   000FC8                     SSPADD          equ	4040	;# 
   151   000FC9                     SSPBUF          equ	4041	;# 
   152   000FCA                     T2CON           equ	4042	;# 
   153   000FCB                     PR2             equ	4043	;# 
   154   000FCB                     MEMCON          equ	4043	;# 
   155   000FCC                     TMR2            equ	4044	;# 
   156   000FCD                     T1CON           equ	4045	;# 
   157   000FCE                     TMR1            equ	4046	;# 
   158   000FCE                     TMR1L           equ	4046	;# 
   159   000FCF                     TMR1H           equ	4047	;# 
   160   000FD0                     RCON            equ	4048	;# 
   161   000FD1                     WDTCON          equ	4049	;# 
   162   000FD2                     LVDCON          equ	4050	;# 
   163   000FD3                     OSCCON          equ	4051	;# 
   164   000FD5                     T0CON           equ	4053	;# 
   165   000FD6                     TMR0            equ	4054	;# 
   166   000FD6                     TMR0L           equ	4054	;# 
   167   000FD7                     TMR0H           equ	4055	;# 
   168   000FD8                     STATUS          equ	4056	;# 
   169   000FD9                     FSR2            equ	4057	;# 
   170   000FD9                     FSR2L           equ	4057	;# 
   171   000FDA                     FSR2H           equ	4058	;# 
   172   000FDB                     PLUSW2          equ	4059	;# 
   173   000FDC                     PREINC2         equ	4060	;# 
   174   000FDD                     POSTDEC2        equ	4061	;# 
   175   000FDE                     POSTINC2        equ	4062	;# 
   176   000FDF                     INDF2           equ	4063	;# 
   177   000FE0                     BSR             equ	4064	;# 
   178   000FE1                     FSR1            equ	4065	;# 
   179   000FE1                     FSR1L           equ	4065	;# 
   180   000FE2                     FSR1H           equ	4066	;# 
   181   000FE3                     PLUSW1          equ	4067	;# 
   182   000FE4                     PREINC1         equ	4068	;# 
   183   000FE5                     POSTDEC1        equ	4069	;# 
   184   000FE6                     POSTINC1        equ	4070	;# 
   185   000FE7                     INDF1           equ	4071	;# 
   186   000FE8                     WREG            equ	4072	;# 
   187   000FE9                     FSR0            equ	4073	;# 
   188   000FE9                     FSR0L           equ	4073	;# 
   189   000FEA                     FSR0H           equ	4074	;# 
   190   000FEB                     PLUSW0          equ	4075	;# 
   191   000FEC                     PREINC0         equ	4076	;# 
   192   000FED                     POSTDEC0        equ	4077	;# 
   193   000FEE                     POSTINC0        equ	4078	;# 
   194   000FEF                     INDF0           equ	4079	;# 
   195   000FF0                     INTCON3         equ	4080	;# 
   196   000FF1                     INTCON2         equ	4081	;# 
   197   000FF2                     INTCON          equ	4082	;# 
   198   000FF2                     INTCON1         equ	4082	;# 
   199   000FF3                     PROD            equ	4083	;# 
   200   000FF3                     PRODL           equ	4083	;# 
   201   000FF4                     PRODH           equ	4084	;# 
   202   000FF5                     TABLAT          equ	4085	;# 
   203   000FF6                     TBLPTR          equ	4086	;# 
   204   000FF6                     TBLPTRL         equ	4086	;# 
   205   000FF7                     TBLPTRH         equ	4087	;# 
   206   000FF8                     TBLPTRU         equ	4088	;# 
   207   000FF9                     PCLAT           equ	4089	;# 
   208   000FF9                     PC              equ	4089	;# 
   209   000FF9                     PCL             equ	4089	;# 
   210   000FFA                     PCLATH          equ	4090	;# 
   211   000FFB                     PCLATU          equ	4091	;# 
   212   000FFC                     STKPTR          equ	4092	;# 
   213   000FFD                     TOS             equ	4093	;# 
   214   000FFD                     TOSL            equ	4093	;# 
   215   000FFE                     TOSH            equ	4094	;# 
   216   000FFF                     TOSU            equ	4095	;# 
   217                           
   218                           	psect	idataCOMRAM
   219   0006A6                     __pidataCOMRAM:
   220                           	callstack 0
   221                           
   222                           ;initializer for main@F2540
   223   0006A6  0021               	dw	33
   224   0006A8  0022               	dw	34
   225   0006AA  0023               	dw	35
   226   0006AC  0024               	dw	36
   227   0006AE  0025               	dw	37
   228                           
   229                           ; #config settings
   230                           
   231                           	psect	cinit
   232   000674                     __pcinit:
   233                           	callstack 0
   234   000674                     start_initialization:
   235                           	callstack 0
   236   000674                     __initialization:
   237                           	callstack 0
   238                           
   239                           ; Initialize objects allocated to COMRAM (10 bytes)
   240                           ; load TBLPTR registers with __pidataCOMRAM
   241   000674  0EA6               	movlw	low __pidataCOMRAM
   242   000676  6EF6               	movwf	tblptrl,c
   243   000678  0E06               	movlw	high __pidataCOMRAM
   244   00067A  6EF7               	movwf	tblptrh,c
   245   00067C  0E00               	movlw	low (__pidataCOMRAM shr (0+16))
   246   00067E  6EF8               	movwf	tblptru,c
   247   000680  EE00  F021         	lfsr	0,__pdataCOMRAM
   248   000684  EE10 F00A          	lfsr	1,10
   249   000688                     copy_data0:
   250   000688  0009               	tblrd		*+
   251   00068A  CFF5 FFEE          	movff	tablat,postinc0
   252   00068E  50E5               	movf	postdec1,w,c
   253   000690  50E1               	movf	fsr1l,w,c
   254   000692  E1FA               	bnz	copy_data0
   255                           
   256                           ; Clear objects allocated to COMRAM (10 bytes)
   257   000694  EE00  F017         	lfsr	0,__pbssCOMRAM
   258   000698  0E0A               	movlw	10
   259   00069A                     clear_0:
   260   00069A  6AEE               	clrf	postinc0,c
   261   00069C  06E8               	decf	wreg,f,c
   262   00069E  E1FD               	bnz	clear_0
   263   0006A0                     end_of_initialization:
   264                           	callstack 0
   265   0006A0                     __end_of__initialization:
   266                           	callstack 0
   267   0006A0  0100               	movlb	0
   268   0006A2  EF01  F003         	goto	_main	;jump to C main() function
   269                           
   270                           	psect	bssCOMRAM
   271   000017                     __pbssCOMRAM:
   272                           	callstack 0
   273   000017                     	ds	10
   274                           
   275                           	psect	dataCOMRAM
   276   000021                     __pdataCOMRAM:
   277                           	callstack 0
   278   000021                     main@F2540:
   279                           	callstack 0
   280   000021                     	ds	10
   281                           
   282                           	psect	cstackCOMRAM
   283   000001                     __pcstackCOMRAM:
   284                           	callstack 0
   285   000001                     main@source1:
   286                           	callstack 0
   287   000001                     
   288                           ; 1 bytes @ 0x0
   289   000001                     	ds	10
   290   00000B                     main@dest:
   291                           	callstack 0
   292                           
   293                           ; 10 bytes @ 0xA
   294   00000B                     	ds	10
   295   000015                     main@i:
   296                           	callstack 0
   297                           
   298                           ; 2 bytes @ 0x14
   299   000015                     	ds	2
   300                           
   301 ;;
   302 ;;Main: autosize = 0, tempsize = 0, incstack = 0, save=0
   303 ;;
   304 ;; *************** function _main *****************
   305 ;; Defined at:
   306 ;;		line 8 in file "main.c"
   307 ;; Parameters:    Size  Location     Type
   308 ;;		None
   309 ;; Auto vars:     Size  Location     Type
   310 ;;  dest           10   10[COMRAM] int [5]
   311 ;;  source1        10    0[COMRAM] int [5]
   312 ;;  i               2   20[COMRAM] int 
   313 ;; Return value:  Size  Location     Type
   314 ;;                  1    wreg      void 
   315 ;; Registers used:
   316 ;;		wreg, fsr1l, fsr1h, fsr2l, fsr2h, status,2, status,0, prodl, prodh
   317 ;; Tracked objects:
   318 ;;		On entry : 0/0
   319 ;;		On exit  : 0/0
   320 ;;		Unchanged: 0/0
   321 ;; Data sizes:     COMRAM   BANK0   BANK1   BANK2   BANK3   BANK4   BANK5
   322 ;;      Params:         0       0       0       0       0       0       0
   323 ;;      Locals:        22       0       0       0       0       0       0
   324 ;;      Temps:          0       0       0       0       0       0       0
   325 ;;      Totals:        22       0       0       0       0       0       0
   326 ;;Total ram usage:       22 bytes
   327 ;; This function calls:
   328 ;;		Nothing
   329 ;; This function is called by:
   330 ;;		Startup code after reset
   331 ;; This function uses a non-reentrant model
   332 ;;
   333                           
   334                           	psect	text0
   335   000602                     __ptext0:
   336                           	callstack 0
   337   000602                     _main:
   338                           	callstack 31
   339   000602  FFFF               	dw	65535	; assembler added errata NOP
   340                           
   341                           ;main.c: 9:     int i;;main.c: 10:     int source1[] = {0x21, 0x22, 0x23, 0x24, 0x25};
   342   000604  EE20  F021         	lfsr	2,main@F2540
   343   000608  EE10  F001         	lfsr	1,main@source1
   344   00060C  0E09               	movlw	9
   345   00060E                     u11:
   346   00060E  CFDB FFE3          	movff	plusw2,plusw1
   347   000612  06E8               	decf	wreg,f,c
   348   000614  E2FC               	bc	u11
   349   000616                     
   350                           ;main.c: 11:     int dest[] = {0x00, 0x00, 0x00, 0x00, 0x00};
   351   000616  EE20  F00B         	lfsr	2,main@dest
   352   00061A  0E09               	movlw	9
   353   00061C                     u21:
   354   00061C  6ADE               	clrf	postinc2,c
   355   00061E  06E8               	decf	wreg,f,c
   356   000620  E2FD               	bc	u21
   357   000622                     
   358                           ;main.c: 12:     for (i = 0; i <= 4; i++) {
   359   000622  0E00               	movlw	0
   360   000624  6E16               	movwf	(main@i+1)^0,c
   361   000626  0E00               	movlw	0
   362   000628  6E15               	movwf	main@i^0,c
   363   00062A                     l697:
   364   00062A  FFFF               	dw	65535	; assembler added errata NOP
   365                           
   366                           ;main.c: 13:         dest[i] = source1[i];
   367   00062C  5015               	movf	main@i^0,w,c
   368   00062E  0D02               	mullw	2
   369   000630  50F3               	movf	243,w,c
   370   000632  0F01               	addlw	low main@source1
   371   000634  6ED9               	movwf	fsr2l,c
   372   000636  6ADA               	clrf	fsr2h,c
   373   000638  5015               	movf	main@i^0,w,c
   374   00063A  0D02               	mullw	2
   375   00063C  50F3               	movf	243,w,c
   376   00063E  0F0B               	addlw	low main@dest
   377   000640  6EE1               	movwf	fsr1l,c
   378   000642  6AE2               	clrf	fsr1h,c
   379   000644  CFDE FFE6          	movff	postinc2,postinc1
   380   000648  CFDD FFE5          	movff	postdec2,postdec1
   381   00064C                     
   382                           ;main.c: 14:     }
   383   00064C  4A15               	infsnz	main@i^0,f,c
   384   00064E  2A16               	incf	(main@i+1)^0,f,c
   385   000650  BE16               	btfsc	(main@i+1)^0,7,c
   386   000652  EF34  F003         	goto	u31
   387   000656  5016               	movf	(main@i+1)^0,w,c
   388   000658  E10A               	bnz	u30
   389   00065A  0E05               	movlw	5
   390   00065C  5C15               	subwf	main@i^0,w,c
   391   00065E  A0D8               	btfss	status,0,c
   392   000660  EF34  F003         	goto	u31
   393   000664  EF37  F003         	goto	u30
   394   000668                     u31:
   395   000668  FFFF               	dw	65535	; assembler added errata NOP
   396   00066A  EF15  F003         	goto	l697
   397   00066E                     u30:
   398   00066E  FFFF               	dw	65535	; assembler added errata NOP
   399   000670  EFFE  F01F         	goto	start
   400   000674                     __end_of_main:
   401                           	callstack 0
   402                           
   403                           	psect	smallconst
   404   000600                     __psmallconst:
   405                           	callstack 0
   406   000600  00                 	db	0
   407   000601  00                 	db	0	; dummy byte at the end
   408   000600                     __smallconst    set	__psmallconst
   409   000600                     __mediumconst   set	__psmallconst
   410   000000                     __activetblptr  equ	0
   411                           
   412                           	psect	rparam
   413   000001                     ___rparam_used  equ	1
   414   000000                     ___param_bank   equ	0
   415   000000                     __Lparam        equ	__Lrparam
   416   000000                     __Hparam        equ	__Hrparam
   417                           tosu	equ	0xFFF
   418                           tosh	equ	0xFFE
   419                           tosl	equ	0xFFD
   420                           stkptr	equ	0xFFC
   421                           pclatu	equ	0xFFB
   422                           pclath	equ	0xFFA
   423                           pcl	equ	0xFF9
   424                           tblptru	equ	0xFF8
   425                           tblptrh	equ	0xFF7
   426                           tblptrl	equ	0xFF6
   427                           tablat	equ	0xFF5
   428                           prodh	equ	0xFF4
   429                           prodl	equ	0xFF3
   430                           indf0	equ	0xFEF
   431                           postinc0	equ	0xFEE
   432                           postdec0	equ	0xFED
   433                           preinc0	equ	0xFEC
   434                           plusw0	equ	0xFEB
   435                           fsr0h	equ	0xFEA
   436                           fsr0l	equ	0xFE9
   437                           wreg	equ	0xFE8
   438                           indf1	equ	0xFE7
   439                           postinc1	equ	0xFE6
   440                           postdec1	equ	0xFE5
   441                           preinc1	equ	0xFE4
   442                           plusw1	equ	0xFE3
   443                           fsr1h	equ	0xFE2
   444                           fsr1l	equ	0xFE1
   445                           bsr	equ	0xFE0
   446                           indf2	equ	0xFDF
   447                           postinc2	equ	0xFDE
   448                           postdec2	equ	0xFDD
   449                           preinc2	equ	0xFDC
   450                           plusw2	equ	0xFDB
   451                           fsr2h	equ	0xFDA
   452                           fsr2l	equ	0xFD9
   453                           status	equ	0xFD8

Data Sizes:
    Strings     0
    Constant    0
    Data        10
    BSS         10
    Persistent  0
    Stack       0

Auto Spaces:
    Space          Size  Autos    Used
    COMRAM          127     22      42
    BANK0           128      0       0
    BANK1           256      0       0
    BANK2           256      0       0
    BANK3           256      0       0
    BANK4           256      0       0
    BANK5           256      0       0

Pointer List with Targets:

    None.

Critical Paths under _main in COMRAM

    None.

Critical Paths under _main in BANK0

    None.

Critical Paths under _main in BANK1

    None.

Critical Paths under _main in BANK2

    None.

Critical Paths under _main in BANK3

    None.

Critical Paths under _main in BANK4

    None.

Critical Paths under _main in BANK5

    None.

Call Graph Tables:

 ---------------------------------------------------------------------------------
 (Depth) Function   	        Calls       Base Space   Used Autos Params    Refs
 ---------------------------------------------------------------------------------
 (0) _main                                                22    22      0      90
                                              0 COMRAM    22    22      0
 ---------------------------------------------------------------------------------
 Estimated maximum stack depth 0
 ---------------------------------------------------------------------------------

 Call Graph Graphs:

 _main (ROOT)

Address spaces:
Name               Size   Autos  Total    Usage
BIGRAM            1535      0       0      0.0%
BITBANK5           256      0       0      0.0%
BANK5              256      0       0      0.0%
BITBANK4           256      0       0      0.0%
BANK4              256      0       0      0.0%
BITBANK3           256      0       0      0.0%
BANK3              256      0       0      0.0%
BITBANK2           256      0       0      0.0%
BANK2              256      0       0      0.0%
BITBANK1           256      0       0      0.0%
BANK1              256      0       0      0.0%
BITBIGSFR          128      0       0      0.0%
BITBANK0           128      0       0      0.0%
BANK0              128      0       0      0.0%
BITCOMRAM          127      0       0      0.0%
COMRAM             127     22      42     33.1%
STACK                0      0       0      0.0%
DATA                 0      0      42      0.0%


Microchip Technology PIC18 Macro Assembler V3.00 build 20241204225717 
Symbol Table                                                                                   Thu May 08 09:23:38 2025

                                                l11 0670                                                  u11 060E  
                                                u21 061C                                                  u30 066E  
                                                u31 0668                                                 l701 0650  
                                               l691 0622                                                 l687 0602  
                                               l697 062A                                                 l689 0616  
                                               l699 064C                                                 wreg 0FE8  
                                              _main 0602                                                fsr1h 0FE2  
                                              fsr2h 0FDA                                                fsr1l 0FE1  
                                              fsr2l 0FD9                                                prodl 0FF3  
                                              start 3FFC                                         main@source1 0001  
                                      ___param_bank 0000                                               ?_main 0001  
                                             main@i 0015                                               tablat 0FF5  
                                             plusw1 0FE3                                               plusw2 0FDB  
                                             status 0FD8                                     __initialization 0674  
                                      __end_of_main 0674                                              ??_main 0001  
                                     __activetblptr 0000                                              clear_0 069A  
                                            isa$std 0001                                        __pdataCOMRAM 0021  
                                      __mediumconst 0600                                              tblptrh 0FF7  
                                            tblptrl 0FF6                                              tblptru 0FF8  
                                        __accesstop 0080                             __end_of__initialization 06A0  
                                     ___rparam_used 0001                                      __pcstackCOMRAM 0001  
                                           __Hparam 0000                                             __Lparam 0000  
                                      __psmallconst 0600                                             __pcinit 0674  
                                           __ramtop 0600                                             __ptext0 0602  
                              end_of_initialization 06A0                                             postdec1 0FE5  
                                           postdec2 0FDD                                             postinc0 0FEE  
                                           postinc1 0FE6                                             postinc2 0FDE  
                                     __pidataCOMRAM 06A6                                 start_initialization 0674  
                                       __pbssCOMRAM 0017                                         __smallconst 0600  
                                         main@F2540 0021                                           main@F2542 0017  
                                         copy_data0 0688                                            __Hrparam 0000  
                                          __Lrparam 0000                                            isa$xinst 0000  
                                          main@dest 000B  
