

Microchip MPLAB XC8 Assembler V3.00 build 20241204225717 
                                                                                               Thu May 08 10:48:13 2025

Microchip MPLAB XC8 C Compiler v3.00 (Free license) build 20241204225717 Og1 
     1                           	processor	18F452
     2                           	fnconf	rparam,??,?,0
     3                           	pagewidth 120
     4                           	opt	flic
     5                           	psect	idataCOMRAM,global,class=CODE,space=0,delta=1,noexec
     6                           	psect	cinit,global,reloc=2,class=CODE,space=0,delta=1
     7                           	psect	dataCOMRAM,global,class=COMRAM,space=1,delta=1,lowdata,noexec
     8                           	psect	cstackCOMRAM,global,class=COMRAM,space=1,delta=1,lowdata,noexec
     9                           	psect	text0,global,reloc=2,class=CODE,space=0,delta=1
    10                           	psect	smallconst,global,reloc=2,class=SMALLCONST,space=0,delta=1,noexec
    11                           	psect	intsave_regs,global,class=BIGRAM,space=1,delta=1,noexec
    12                           	psect	rparam,global,class=COMRAM,space=1,delta=1,noexec
    13   000000                     
    14                           ; Generated 17/01/2025 GMT
    15                           ; 
    16                           ; Copyright © 2025, Microchip Technology Inc. and its subsidiaries ("Microchip")
    17                           ; All rights reserved.
    18                           ; 
    19                           ; This software is developed by Microchip Technology Inc. and its subsidiaries ("Microch
      +                          ip").
    20                           ; 
    21                           ; Redistribution and use in source and binary forms, with or without modification, are
    22                           ; permitted provided that the following conditions are met:
    23                           ; 
    24                           ;     1. Redistributions of source code must retain the above copyright notice, this lis
      +                          t of
    25                           ;        conditions and the following disclaimer.
    26                           ; 
    27                           ;     2. Redistributions in binary form must reproduce the above copyright notice, this 
      +                          list
    28                           ;        of conditions and the following disclaimer in the documentation and/or other
    29                           ;        materials provided with the distribution. Publication is not required when
    30                           ;        this file is used in an embedded application.
    31                           ; 
    32                           ;     3. Microchip's name may not be used to endorse or promote products derived from th
      +                          is
    33                           ;        software without specific prior written permission.
    34                           ; 
    35                           ; THIS SOFTWARE IS PROVIDED BY MICROCHIP "AS IS" AND ANY EXPRESS OR IMPLIED WARRANTIES,
    36                           ; INCLUDING, BUT NOT LIMITED TO, THE IMPLIED WARRANTIES OF MERCHANTABILITY AND FITNESS F
      +                          OR
    37                           ; PURPOSE ARE DISCLAIMED.  IN NO EVENT SHALL MICROCHIP BE LIABLE FOR ANY DIRECT, INDIREC
      +                          T,
    38                           ; INCIDENTAL, SPECIAL, EXEMPLARY, OR CONSEQUENTIAL DAMAGES (INCLUDING BUT NOT LIMITED TO
    39                           ; PROCUREMENT OF SUBSTITUTE GOODS OR SERVICES; LOSS OF USE, DATA OR PROFITS; OR BUSINESS
    40                           ; INTERRUPTION) HOWSOEVER CAUSED AND ON ANY THEORY OF LIABILITY, WHETHER IN CONTRACT, ST
      +                          RICT
    41                           ; LIABILITY, OR TORT (INCLUDING NEGLIGENCE OR OTHERWISE) ARISING IN ANY WAY OUT OF THE U
      +                          SE OF
    42                           ; THIS SOFTWARE, EVEN IF ADVISED OF THE POSSIBILITY OF SUCH DAMAGE.
    43                           ; 
    44                           ; 
    45                           ; Code-generator required, PIC18F452 Definitions
    46                           ; 
    47                           ; SFR Addresses
    48   000FE0                     bsr             equ	4064
    49   000FE9                     fsr0            equ	4073
    50   000FEA                     fsr0h           equ	4074
    51   000FE9                     fsr0l           equ	4073
    52   000FE1                     fsr1            equ	4065
    53   000FE2                     fsr1h           equ	4066
    54   000FE1                     fsr1l           equ	4065
    55   000FD9                     fsr2            equ	4057
    56   000FDA                     fsr2h           equ	4058
    57   000FD9                     fsr2l           equ	4057
    58   000FEF                     indf0           equ	4079
    59   000FE7                     indf1           equ	4071
    60   000FDF                     indf2           equ	4063
    61   000FF2                     intcon          equ	4082
    62   000000                     nvmcon          equ	0
    63   000FF9                     pcl             equ	4089
    64   000FFA                     pclath          equ	4090
    65   000FFB                     pclatu          equ	4091
    66   000FEB                     plusw0          equ	4075
    67   000FE3                     plusw1          equ	4067
    68   000FDB                     plusw2          equ	4059
    69   000FED                     postdec0        equ	4077
    70   000FE5                     postdec1        equ	4069
    71   000FDD                     postdec2        equ	4061
    72   000FEE                     postinc0        equ	4078
    73   000FE6                     postinc1        equ	4070
    74   000FDE                     postinc2        equ	4062
    75   000FEC                     preinc0         equ	4076
    76   000FE4                     preinc1         equ	4068
    77   000FDC                     preinc2         equ	4060
    78   000FF3                     prod            equ	4083
    79   000FF4                     prodh           equ	4084
    80   000FF3                     prodl           equ	4083
    81   000FD8                     status          equ	4056
    82   000FF5                     tablat          equ	4085
    83   000FF6                     tblptr          equ	4086
    84   000FF7                     tblptrh         equ	4087
    85   000FF6                     tblptrl         equ	4086
    86   000FF8                     tblptru         equ	4088
    87   000FFD                     tosl            equ	4093
    88   000FE8                     wreg            equ	4072
    89   000F80                     PORTA           equ	3968	;# 
    90   000F81                     PORTB           equ	3969	;# 
    91   000F82                     PORTC           equ	3970	;# 
    92   000F83                     PORTD           equ	3971	;# 
    93   000F84                     PORTE           equ	3972	;# 
    94   000F89                     LATA            equ	3977	;# 
    95   000F8A                     LATB            equ	3978	;# 
    96   000F8B                     LATC            equ	3979	;# 
    97   000F8C                     LATD            equ	3980	;# 
    98   000F8D                     LATE            equ	3981	;# 
    99   000F92                     TRISA           equ	3986	;# 
   100   000F92                     DDRA            equ	3986	;# 
   101   000F93                     TRISB           equ	3987	;# 
   102   000F93                     DDRB            equ	3987	;# 
   103   000F94                     TRISC           equ	3988	;# 
   104   000F94                     DDRC            equ	3988	;# 
   105   000F95                     TRISD           equ	3989	;# 
   106   000F95                     DDRD            equ	3989	;# 
   107   000F96                     TRISE           equ	3990	;# 
   108   000F96                     DDRE            equ	3990	;# 
   109   000F9D                     PIE1            equ	3997	;# 
   110   000F9E                     PIR1            equ	3998	;# 
   111   000F9F                     IPR1            equ	3999	;# 
   112   000FA0                     PIE2            equ	4000	;# 
   113   000FA1                     PIR2            equ	4001	;# 
   114   000FA2                     IPR2            equ	4002	;# 
   115   000FA6                     EECON1          equ	4006	;# 
   116   000FA7                     EECON2          equ	4007	;# 
   117   000FA8                     EEDATA          equ	4008	;# 
   118   000FA9                     EEADR           equ	4009	;# 
   119   000FAB                     RCSTA           equ	4011	;# 
   120   000FAB                     RCSTA1          equ	4011	;# 
   121   000FAC                     TXSTA           equ	4012	;# 
   122   000FAC                     TXSTA1          equ	4012	;# 
   123   000FAD                     TXREG           equ	4013	;# 
   124   000FAD                     TXREG1          equ	4013	;# 
   125   000FAE                     RCREG           equ	4014	;# 
   126   000FAE                     RCREG1          equ	4014	;# 
   127   000FAF                     SPBRG           equ	4015	;# 
   128   000FAF                     SPBRG1          equ	4015	;# 
   129   000FB1                     T3CON           equ	4017	;# 
   130   000FB2                     TMR3            equ	4018	;# 
   131   000FB2                     TMR3L           equ	4018	;# 
   132   000FB3                     TMR3H           equ	4019	;# 
   133   000FBA                     CCP2CON         equ	4026	;# 
   134   000FBB                     CCPR2           equ	4027	;# 
   135   000FBB                     CCPR2L          equ	4027	;# 
   136   000FBC                     CCPR2H          equ	4028	;# 
   137   000FBD                     CCP1CON         equ	4029	;# 
   138   000FBE                     CCPR1           equ	4030	;# 
   139   000FBE                     CCPR1L          equ	4030	;# 
   140   000FBF                     CCPR1H          equ	4031	;# 
   141   000FC1                     ADCON1          equ	4033	;# 
   142   000FC2                     ADCON0          equ	4034	;# 
   143   000FC3                     ADRES           equ	4035	;# 
   144   000FC3                     ADRESL          equ	4035	;# 
   145   000FC4                     ADRESH          equ	4036	;# 
   146   000FC5                     SSPCON2         equ	4037	;# 
   147   000FC6                     SSPCON1         equ	4038	;# 
   148   000FC7                     SSPSTAT         equ	4039	;# 
   149   000FC8                     SSPADD          equ	4040	;# 
   150   000FC9                     SSPBUF          equ	4041	;# 
   151   000FCA                     T2CON           equ	4042	;# 
   152   000FCB                     PR2             equ	4043	;# 
   153   000FCB                     MEMCON          equ	4043	;# 
   154   000FCC                     TMR2            equ	4044	;# 
   155   000FCD                     T1CON           equ	4045	;# 
   156   000FCE                     TMR1            equ	4046	;# 
   157   000FCE                     TMR1L           equ	4046	;# 
   158   000FCF                     TMR1H           equ	4047	;# 
   159   000FD0                     RCON            equ	4048	;# 
   160   000FD1                     WDTCON          equ	4049	;# 
   161   000FD2                     LVDCON          equ	4050	;# 
   162   000FD3                     OSCCON          equ	4051	;# 
   163   000FD5                     T0CON           equ	4053	;# 
   164   000FD6                     TMR0            equ	4054	;# 
   165   000FD6                     TMR0L           equ	4054	;# 
   166   000FD7                     TMR0H           equ	4055	;# 
   167   000FD8                     STATUS          equ	4056	;# 
   168   000FD9                     FSR2            equ	4057	;# 
   169   000FD9                     FSR2L           equ	4057	;# 
   170   000FDA                     FSR2H           equ	4058	;# 
   171   000FDB                     PLUSW2          equ	4059	;# 
   172   000FDC                     PREINC2         equ	4060	;# 
   173   000FDD                     POSTDEC2        equ	4061	;# 
   174   000FDE                     POSTINC2        equ	4062	;# 
   175   000FDF                     INDF2           equ	4063	;# 
   176   000FE0                     BSR             equ	4064	;# 
   177   000FE1                     FSR1            equ	4065	;# 
   178   000FE1                     FSR1L           equ	4065	;# 
   179   000FE2                     FSR1H           equ	4066	;# 
   180   000FE3                     PLUSW1          equ	4067	;# 
   181   000FE4                     PREINC1         equ	4068	;# 
   182   000FE5                     POSTDEC1        equ	4069	;# 
   183   000FE6                     POSTINC1        equ	4070	;# 
   184   000FE7                     INDF1           equ	4071	;# 
   185   000FE8                     WREG            equ	4072	;# 
   186   000FE9                     FSR0            equ	4073	;# 
   187   000FE9                     FSR0L           equ	4073	;# 
   188   000FEA                     FSR0H           equ	4074	;# 
   189   000FEB                     PLUSW0          equ	4075	;# 
   190   000FEC                     PREINC0         equ	4076	;# 
   191   000FED                     POSTDEC0        equ	4077	;# 
   192   000FEE                     POSTINC0        equ	4078	;# 
   193   000FEF                     INDF0           equ	4079	;# 
   194   000FF0                     INTCON3         equ	4080	;# 
   195   000FF1                     INTCON2         equ	4081	;# 
   196   000FF2                     INTCON          equ	4082	;# 
   197   000FF2                     INTCON1         equ	4082	;# 
   198   000FF3                     PROD            equ	4083	;# 
   199   000FF3                     PRODL           equ	4083	;# 
   200   000FF4                     PRODH           equ	4084	;# 
   201   000FF5                     TABLAT          equ	4085	;# 
   202   000FF6                     TBLPTR          equ	4086	;# 
   203   000FF6                     TBLPTRL         equ	4086	;# 
   204   000FF7                     TBLPTRH         equ	4087	;# 
   205   000FF8                     TBLPTRU         equ	4088	;# 
   206   000FF9                     PCLAT           equ	4089	;# 
   207   000FF9                     PC              equ	4089	;# 
   208   000FF9                     PCL             equ	4089	;# 
   209   000FFA                     PCLATH          equ	4090	;# 
   210   000FFB                     PCLATU          equ	4091	;# 
   211   000FFC                     STKPTR          equ	4092	;# 
   212   000FFD                     TOS             equ	4093	;# 
   213   000FFD                     TOSL            equ	4093	;# 
   214   000FFE                     TOSH            equ	4094	;# 
   215   000FFF                     TOSU            equ	4095	;# 
   216                           
   217                           	psect	idataCOMRAM
   218   00069C                     __pidataCOMRAM:
   219                           	callstack 0
   220                           
   221                           ;initializer for main@F2542
   222   00069C  0001               	dw	1
   223   00069E  0002               	dw	2
   224   0006A0  0003               	dw	3
   225   0006A2  0004               	dw	4
   226   0006A4  0005               	dw	5
   227   0006A6  0006               	dw	6
   228   0006A8  0007               	dw	7
   229   0006AA  0008               	dw	8
   230   0006AC  0009               	dw	9
   231   0006AE  000A               	dw	10
   232   000F81                     _PORTB          set	3969
   233   000F93                     _TRISB          set	3987
   234                           
   235                           ; #config settings
   236                           
   237                           	psect	cinit
   238   000676                     __pcinit:
   239                           	callstack 0
   240   000676                     start_initialization:
   241                           	callstack 0
   242   000676                     __initialization:
   243                           	callstack 0
   244                           
   245                           ; Initialize objects allocated to COMRAM (20 bytes)
   246                           ; load TBLPTR registers with __pidataCOMRAM
   247   000676  0E9C               	movlw	low __pidataCOMRAM
   248   000678  6EF6               	movwf	tblptrl,c
   249   00067A  0E06               	movlw	high __pidataCOMRAM
   250   00067C  6EF7               	movwf	tblptrh,c
   251   00067E  0E00               	movlw	low (__pidataCOMRAM shr (0+16))
   252   000680  6EF8               	movwf	tblptru,c
   253   000682  EE00  F01B         	lfsr	0,__pdataCOMRAM
   254   000686  EE10 F014          	lfsr	1,20
   255   00068A                     copy_data0:
   256   00068A  0009               	tblrd		*+
   257   00068C  CFF5 FFEE          	movff	tablat,postinc0
   258   000690  50E5               	movf	postdec1,w,c
   259   000692  50E1               	movf	fsr1l,w,c
   260   000694  E1FA               	bnz	copy_data0
   261   000696                     end_of_initialization:
   262                           	callstack 0
   263   000696                     __end_of__initialization:
   264                           	callstack 0
   265   000696  0100               	movlb	0
   266   000698  EF01  F003         	goto	_main	;jump to C main() function
   267                           
   268                           	psect	dataCOMRAM
   269   00001B                     __pdataCOMRAM:
   270                           	callstack 0
   271   00001B                     main@F2542:
   272                           	callstack 0
   273   00001B                     	ds	20
   274                           
   275                           	psect	cstackCOMRAM
   276   000001                     __pcstackCOMRAM:
   277                           	callstack 0
   278   000001                     ??_main:
   279                           
   280                           ; 1 bytes @ 0x0
   281   000001                     	ds	2
   282   000003                     main@number:
   283                           	callstack 0
   284                           
   285                           ; 20 bytes @ 0x2
   286   000003                     	ds	20
   287   000017                     main@sum:
   288                           	callstack 0
   289                           
   290                           ; 2 bytes @ 0x16
   291   000017                     	ds	2
   292   000019                     main@i:
   293                           	callstack 0
   294                           
   295                           ; 2 bytes @ 0x18
   296   000019                     	ds	2
   297                           
   298 ;;
   299 ;;Main: autosize = 0, tempsize = 2, incstack = 0, save=0
   300 ;;
   301 ;; *************** function _main *****************
   302 ;; Defined at:
   303 ;;		line 6 in file "main.c"
   304 ;; Parameters:    Size  Location     Type
   305 ;;		None
   306 ;; Auto vars:     Size  Location     Type
   307 ;;  number         20    2[COMRAM] int [10]
   308 ;;  i               2   24[COMRAM] int 
   309 ;;  sum             2   22[COMRAM] int 
   310 ;;  n               2    0        int 
   311 ;; Return value:  Size  Location     Type
   312 ;;                  1    wreg      void 
   313 ;; Registers used:
   314 ;;		wreg, fsr1l, fsr1h, fsr2l, fsr2h, status,2, status,0, prodl, prodh
   315 ;; Tracked objects:
   316 ;;		On entry : 0/0
   317 ;;		On exit  : 0/0
   318 ;;		Unchanged: 0/0
   319 ;; Data sizes:     COMRAM   BANK0   BANK1   BANK2   BANK3   BANK4   BANK5
   320 ;;      Params:         0       0       0       0       0       0       0
   321 ;;      Locals:        24       0       0       0       0       0       0
   322 ;;      Temps:          2       0       0       0       0       0       0
   323 ;;      Totals:        26       0       0       0       0       0       0
   324 ;;Total ram usage:       26 bytes
   325 ;; This function calls:
   326 ;;		Nothing
   327 ;; This function is called by:
   328 ;;		Startup code after reset
   329 ;; This function uses a non-reentrant model
   330 ;;
   331                           
   332                           	psect	text0
   333   000602                     __ptext0:
   334                           	callstack 0
   335   000602                     _main:
   336                           	callstack 31
   337   000602  FFFF               	dw	65535	; assembler added errata NOP
   338                           
   339                           ;main.c: 7:     int i, sum, n;;main.c: 8:     int number[] = {1, 2, 3, 4, 5, 6, 7, 8, 9,
      +                           10};
   340   000604  EE20  F01B         	lfsr	2,main@F2542
   341   000608  EE10  F003         	lfsr	1,main@number
   342   00060C  0E13               	movlw	19
   343   00060E                     u11:
   344   00060E  CFDB FFE3          	movff	plusw2,plusw1
   345   000612  06E8               	decf	wreg,f,c
   346   000614  E2FC               	bc	u11
   347   000616                     
   348                           ;main.c: 9:     sum = 0;
   349   000616  0E00               	movlw	0
   350   000618  6E18               	movwf	(main@sum+1)^0,c
   351   00061A  0E00               	movlw	0
   352   00061C  6E17               	movwf	main@sum^0,c
   353   00061E                     
   354                           ;main.c: 10:     for (i = 0; i <= 9; i++) {
   355   00061E  0E00               	movlw	0
   356   000620  6E1A               	movwf	(main@i+1)^0,c
   357   000622  0E00               	movlw	0
   358   000624  6E19               	movwf	main@i^0,c
   359   000626                     l699:
   360   000626  FFFF               	dw	65535	; assembler added errata NOP
   361                           
   362                           ;main.c: 11:         sum = sum + number[i];
   363   000628  5019               	movf	main@i^0,w,c
   364   00062A  0D02               	mullw	2
   365   00062C  50F3               	movf	243,w,c
   366   00062E  0F03               	addlw	low main@number
   367   000630  6ED9               	movwf	fsr2l,c
   368   000632  6ADA               	clrf	fsr2h,c
   369   000634  CFDE F001          	movff	postinc2,??_main
   370   000638  CFDD F002          	movff	postdec2,??_main+1
   371   00063C  5017               	movf	main@sum^0,w,c
   372   00063E  2401               	addwf	??_main^0,w,c
   373   000640  6E17               	movwf	main@sum^0,c
   374   000642  5018               	movf	(main@sum+1)^0,w,c
   375   000644  2002               	addwfc	(??_main+1)^0,w,c
   376   000646  6E18               	movwf	(main@sum+1)^0,c
   377   000648                     
   378                           ;main.c: 12:     }
   379   000648  4A19               	infsnz	main@i^0,f,c
   380   00064A  2A1A               	incf	(main@i+1)^0,f,c
   381   00064C  BE1A               	btfsc	(main@i+1)^0,7,c
   382   00064E  EF32  F003         	goto	u21
   383   000652  501A               	movf	(main@i+1)^0,w,c
   384   000654  E10A               	bnz	u20
   385   000656  0E0A               	movlw	10
   386   000658  5C19               	subwf	main@i^0,w,c
   387   00065A  A0D8               	btfss	status,0,c
   388   00065C  EF32  F003         	goto	u21
   389   000660  EF35  F003         	goto	u20
   390   000664                     u21:
   391   000664  FFFF               	dw	65535	; assembler added errata NOP
   392   000666  EF13  F003         	goto	l699
   393   00066A                     u20:
   394   00066A  FFFF               	dw	65535	; assembler added errata NOP
   395   00066C                     
   396                           ;main.c: 13:     TRISB = 0;
   397   00066C  6A93               	clrf	147,c	;volatile
   398                           
   399                           ;main.c: 14:     PORTB = sum;
   400   00066E  C017  FF81         	movff	main@sum,3969	;volatile
   401   000672  EFFE  F01F         	goto	start
   402   000676                     __end_of_main:
   403                           	callstack 0
   404                           
   405                           	psect	smallconst
   406   000600                     __psmallconst:
   407                           	callstack 0
   408   000600  00                 	db	0
   409   000601  00                 	db	0	; dummy byte at the end
   410   000600                     __smallconst    set	__psmallconst
   411   000600                     __mediumconst   set	__psmallconst
   412   000000                     __activetblptr  equ	0
   413                           
   414                           	psect	rparam
   415   000001                     ___rparam_used  equ	1
   416   000000                     ___param_bank   equ	0
   417   000000                     __Lparam        equ	__Lrparam
   418   000000                     __Hparam        equ	__Hrparam
   419                           tosu	equ	0xFFF
   420                           tosh	equ	0xFFE
   421                           tosl	equ	0xFFD
   422                           stkptr	equ	0xFFC
   423                           pclatu	equ	0xFFB
   424                           pclath	equ	0xFFA
   425                           pcl	equ	0xFF9
   426                           tblptru	equ	0xFF8
   427                           tblptrh	equ	0xFF7
   428                           tblptrl	equ	0xFF6
   429                           tablat	equ	0xFF5
   430                           prodh	equ	0xFF4
   431                           prodl	equ	0xFF3
   432                           indf0	equ	0xFEF
   433                           postinc0	equ	0xFEE
   434                           postdec0	equ	0xFED
   435                           preinc0	equ	0xFEC
   436                           plusw0	equ	0xFEB
   437                           fsr0h	equ	0xFEA
   438                           fsr0l	equ	0xFE9
   439                           wreg	equ	0xFE8
   440                           indf1	equ	0xFE7
   441                           postinc1	equ	0xFE6
   442                           postdec1	equ	0xFE5
   443                           preinc1	equ	0xFE4
   444                           plusw1	equ	0xFE3
   445                           fsr1h	equ	0xFE2
   446                           fsr1l	equ	0xFE1
   447                           bsr	equ	0xFE0
   448                           indf2	equ	0xFDF
   449                           postinc2	equ	0xFDE
   450                           postdec2	equ	0xFDD
   451                           preinc2	equ	0xFDC
   452                           plusw2	equ	0xFDB
   453                           fsr2h	equ	0xFDA
   454                           fsr2l	equ	0xFD9
   455                           status	equ	0xFD8

Data Sizes:
    Strings     0
    Constant    0
    Data        20
    BSS         0
    Persistent  0
    Stack       0

Auto Spaces:
    Space          Size  Autos    Used
    COMRAM          127     26      46
    BANK0           128      0       0
    BANK1           256      0       0
    BANK2           256      0       0
    BANK3           256      0       0
    BANK4           256      0       0
    BANK5           256      0       0

Pointer List with Targets:

    None.

Critical Paths under _main in COMRAM

    None.

Critical Paths under _main in BANK0

    None.

Critical Paths under _main in BANK1

    None.

Critical Paths under _main in BANK2

    None.

Critical Paths under _main in BANK3

    None.

Critical Paths under _main in BANK4

    None.

Critical Paths under _main in BANK5

    None.

Call Graph Tables:

 ---------------------------------------------------------------------------------
 (Depth) Function   	        Calls       Base Space   Used Autos Params    Refs
 ---------------------------------------------------------------------------------
 (0) _main                                                28    28      0      90
                                              0 COMRAM    26    26      0
 ---------------------------------------------------------------------------------
 Estimated maximum stack depth 0
 ---------------------------------------------------------------------------------

 Call Graph Graphs:

 _main (ROOT)

Address spaces:
Name               Size   Autos  Total    Usage
BIGRAM            1535      0       0      0.0%
BITBANK5           256      0       0      0.0%
BANK5              256      0       0      0.0%
BITBANK4           256      0       0      0.0%
BANK4              256      0       0      0.0%
BITBANK3           256      0       0      0.0%
BANK3              256      0       0      0.0%
BITBANK2           256      0       0      0.0%
BANK2              256      0       0      0.0%
BITBANK1           256      0       0      0.0%
BANK1              256      0       0      0.0%
BITBANK0           128      0       0      0.0%
BANK0              128      0       0      0.0%
BITCOMRAM          127      0       0      0.0%
COMRAM             127     26      46     36.2%
BITBIGSFRh         126      0       0      0.0%
BITBIGSFRl           1      0       0      0.0%
STACK                0      0       0      0.0%
DATA                 0      0      46      0.0%


Microchip Technology PIC18 Macro Assembler V3.00 build 20241204225717 
Symbol Table                                                                                   Thu May 08 10:48:13 2025

                                                  l12 066C                                                    l13 0672  
                                                  u11 060E                                                    u20 066A  
                                                  u21 0664                                                   l701 0648  
                                                 l703 064C                                                   l691 0616  
                                                 l693 061E                                                   l689 0602  
                                                 l699 0626                                                   wreg 0FE8  
                                                _main 0602                                                  fsr2h 0FDA  
                                                fsr1l 0FE1                                                  fsr2l 0FD9  
                                                prodl 0FF3                                                  start 3FFC  
                                        ___param_bank 0000                                                 ?_main 0001  
                                               _PORTB 0F81                                                 _TRISB 0F93  
                                               main@i 0019                                                 tablat 0FF5  
                                               plusw1 0FE3                                                 plusw2 0FDB  
                                               status 0FD8                                       __initialization 0676  
                                        __end_of_main 0676                                                ??_main 0001  
                                       __activetblptr 0000                                                isa$std 0001  
                                        __pdataCOMRAM 001B                                          __mediumconst 0600  
                                              tblptrh 0FF7                                                tblptrl 0FF6  
                                              tblptru 0FF8                                            __accesstop 0080  
                             __end_of__initialization 0696                                         ___rparam_used 0001  
                                      __pcstackCOMRAM 0001                                               __Hparam 0000  
                                             __Lparam 0000                                          __psmallconst 0600  
                                             __pcinit 0676                                               __ramtop 0600  
                                             __ptext0 0602                                               main@sum 0017  
                                end_of_initialization 0696                                               postdec1 0FE5  
                                             postdec2 0FDD                                               postinc0 0FEE  
                                             postinc2 0FDE                                            main@number 0003  
                                       __pidataCOMRAM 069C                                   start_initialization 0676  
                                         __smallconst 0600                                             main@F2542 001B  
                                           copy_data0 068A                                              __Hrparam 0000  
                                            __Lrparam 0000                                              isa$xinst 0000  
