

Microchip MPLAB XC8 Assembler V3.00 build 20241204225717 
                                                                                               Thu May 08 15:54:37 2025

Microchip MPLAB XC8 C Compiler v3.00 (Free license) build 20241204225717 Og1 
     1                           	processor	18F4520
     2                           	fnconf	rparam,??,?,0
     3                           	pagewidth 120
     4                           	opt	flic
     5                           	psect	cinit,global,reloc=2,class=CODE,space=0,delta=1
     6                           	psect	cstackCOMRAM,global,class=COMRAM,space=1,delta=1,lowdata,noexec
     7                           	psect	text0,global,reloc=2,class=CODE,space=0,delta=1
     8                           	psect	text1,global,reloc=2,class=CODE,space=0,delta=1
     9                           	psect	smallconst,global,reloc=2,class=SMALLCONST,space=0,delta=1,noexec
    10                           	psect	intsave_regs,global,class=BIGRAM,space=1,delta=1,noexec
    11                           	psect	rparam,global,class=COMRAM,space=1,delta=1,noexec
    12   000000                     
    13                           ; Generated 17/01/2025 GMT
    14                           ; 
    15                           ; Copyright © 2025, Microchip Technology Inc. and its subsidiaries ("Microchip")
    16                           ; All rights reserved.
    17                           ; 
    18                           ; This software is developed by Microchip Technology Inc. and its subsidiaries ("Microch
      +                          ip").
    19                           ; 
    20                           ; Redistribution and use in source and binary forms, with or without modification, are
    21                           ; permitted provided that the following conditions are met:
    22                           ; 
    23                           ;     1. Redistributions of source code must retain the above copyright notice, this lis
      +                          t of
    24                           ;        conditions and the following disclaimer.
    25                           ; 
    26                           ;     2. Redistributions in binary form must reproduce the above copyright notice, this 
      +                          list
    27                           ;        of conditions and the following disclaimer in the documentation and/or other
    28                           ;        materials provided with the distribution. Publication is not required when
    29                           ;        this file is used in an embedded application.
    30                           ; 
    31                           ;     3. Microchip's name may not be used to endorse or promote products derived from th
      +                          is
    32                           ;        software without specific prior written permission.
    33                           ; 
    34                           ; THIS SOFTWARE IS PROVIDED BY MICROCHIP "AS IS" AND ANY EXPRESS OR IMPLIED WARRANTIES,
    35                           ; INCLUDING, BUT NOT LIMITED TO, THE IMPLIED WARRANTIES OF MERCHANTABILITY AND FITNESS F
      +                          OR
    36                           ; PURPOSE ARE DISCLAIMED.  IN NO EVENT SHALL MICROCHIP BE LIABLE FOR ANY DIRECT, INDIREC
      +                          T,
    37                           ; INCIDENTAL, SPECIAL, EXEMPLARY, OR CONSEQUENTIAL DAMAGES (INCLUDING BUT NOT LIMITED TO
    38                           ; PROCUREMENT OF SUBSTITUTE GOODS OR SERVICES; LOSS OF USE, DATA OR PROFITS; OR BUSINESS
    39                           ; INTERRUPTION) HOWSOEVER CAUSED AND ON ANY THEORY OF LIABILITY, WHETHER IN CONTRACT, ST
      +                          RICT
    40                           ; LIABILITY, OR TORT (INCLUDING NEGLIGENCE OR OTHERWISE) ARISING IN ANY WAY OUT OF THE U
      +                          SE OF
    41                           ; THIS SOFTWARE, EVEN IF ADVISED OF THE POSSIBILITY OF SUCH DAMAGE.
    42                           ; 
    43                           ; 
    44                           ; Code-generator required, PIC18F4520 Definitions
    45                           ; 
    46                           ; SFR Addresses
    47   000FE0                     bsr             equ	4064
    48   000FE9                     fsr0            equ	4073
    49   000FEA                     fsr0h           equ	4074
    50   000FE9                     fsr0l           equ	4073
    51   000FE1                     fsr1            equ	4065
    52   000FE2                     fsr1h           equ	4066
    53   000FE1                     fsr1l           equ	4065
    54   000FD9                     fsr2            equ	4057
    55   000FDA                     fsr2h           equ	4058
    56   000FD9                     fsr2l           equ	4057
    57   000FEF                     indf0           equ	4079
    58   000FE7                     indf1           equ	4071
    59   000FDF                     indf2           equ	4063
    60   000FF2                     intcon          equ	4082
    61   000000                     nvmcon          equ	0
    62   000FF9                     pcl             equ	4089
    63   000FFA                     pclath          equ	4090
    64   000FFB                     pclatu          equ	4091
    65   000FEB                     plusw0          equ	4075
    66   000FE3                     plusw1          equ	4067
    67   000FDB                     plusw2          equ	4059
    68   000FED                     postdec0        equ	4077
    69   000FE5                     postdec1        equ	4069
    70   000FDD                     postdec2        equ	4061
    71   000FEE                     postinc0        equ	4078
    72   000FE6                     postinc1        equ	4070
    73   000FDE                     postinc2        equ	4062
    74   000FEC                     preinc0         equ	4076
    75   000FE4                     preinc1         equ	4068
    76   000FDC                     preinc2         equ	4060
    77   000FF3                     prod            equ	4083
    78   000FF4                     prodh           equ	4084
    79   000FF3                     prodl           equ	4083
    80   000FD8                     status          equ	4056
    81   000FF5                     tablat          equ	4085
    82   000FF6                     tblptr          equ	4086
    83   000FF7                     tblptrh         equ	4087
    84   000FF6                     tblptrl         equ	4086
    85   000FF8                     tblptru         equ	4088
    86   000FFD                     tosl            equ	4093
    87   000FE8                     wreg            equ	4072
    88   000F80                     PORTA           equ	3968	;# 
    89   000F81                     PORTB           equ	3969	;# 
    90   000F82                     PORTC           equ	3970	;# 
    91   000F83                     PORTD           equ	3971	;# 
    92   000F84                     PORTE           equ	3972	;# 
    93   000F89                     LATA            equ	3977	;# 
    94   000F8A                     LATB            equ	3978	;# 
    95   000F8B                     LATC            equ	3979	;# 
    96   000F8C                     LATD            equ	3980	;# 
    97   000F8D                     LATE            equ	3981	;# 
    98   000F92                     TRISA           equ	3986	;# 
    99   000F92                     DDRA            equ	3986	;# 
   100   000F93                     TRISB           equ	3987	;# 
   101   000F93                     DDRB            equ	3987	;# 
   102   000F94                     TRISC           equ	3988	;# 
   103   000F94                     DDRC            equ	3988	;# 
   104   000F95                     TRISD           equ	3989	;# 
   105   000F95                     DDRD            equ	3989	;# 
   106   000F96                     TRISE           equ	3990	;# 
   107   000F96                     DDRE            equ	3990	;# 
   108   000F9B                     OSCTUNE         equ	3995	;# 
   109   000F9D                     PIE1            equ	3997	;# 
   110   000F9E                     PIR1            equ	3998	;# 
   111   000F9F                     IPR1            equ	3999	;# 
   112   000FA0                     PIE2            equ	4000	;# 
   113   000FA1                     PIR2            equ	4001	;# 
   114   000FA2                     IPR2            equ	4002	;# 
   115   000FA6                     EECON1          equ	4006	;# 
   116   000FA7                     EECON2          equ	4007	;# 
   117   000FA8                     EEDATA          equ	4008	;# 
   118   000FA9                     EEADR           equ	4009	;# 
   119   000FAB                     RCSTA           equ	4011	;# 
   120   000FAB                     RCSTA1          equ	4011	;# 
   121   000FAC                     TXSTA           equ	4012	;# 
   122   000FAC                     TXSTA1          equ	4012	;# 
   123   000FAD                     TXREG           equ	4013	;# 
   124   000FAD                     TXREG1          equ	4013	;# 
   125   000FAE                     RCREG           equ	4014	;# 
   126   000FAE                     RCREG1          equ	4014	;# 
   127   000FAF                     SPBRG           equ	4015	;# 
   128   000FAF                     SPBRG1          equ	4015	;# 
   129   000FB0                     SPBRGH          equ	4016	;# 
   130   000FB1                     T3CON           equ	4017	;# 
   131   000FB2                     TMR3            equ	4018	;# 
   132   000FB2                     TMR3L           equ	4018	;# 
   133   000FB3                     TMR3H           equ	4019	;# 
   134   000FB4                     CMCON           equ	4020	;# 
   135   000FB5                     CVRCON          equ	4021	;# 
   136   000FB6                     ECCP1AS         equ	4022	;# 
   137   000FB6                     ECCPAS          equ	4022	;# 
   138   000FB7                     PWM1CON         equ	4023	;# 
   139   000FB7                     ECCP1DEL        equ	4023	;# 
   140   000FB8                     BAUDCON         equ	4024	;# 
   141   000FB8                     BAUDCTL         equ	4024	;# 
   142   000FBA                     CCP2CON         equ	4026	;# 
   143   000FBB                     CCPR2           equ	4027	;# 
   144   000FBB                     CCPR2L          equ	4027	;# 
   145   000FBC                     CCPR2H          equ	4028	;# 
   146   000FBD                     CCP1CON         equ	4029	;# 
   147   000FBE                     CCPR1           equ	4030	;# 
   148   000FBE                     CCPR1L          equ	4030	;# 
   149   000FBF                     CCPR1H          equ	4031	;# 
   150   000FC0                     ADCON2          equ	4032	;# 
   151   000FC1                     ADCON1          equ	4033	;# 
   152   000FC2                     ADCON0          equ	4034	;# 
   153   000FC3                     ADRES           equ	4035	;# 
   154   000FC3                     ADRESL          equ	4035	;# 
   155   000FC4                     ADRESH          equ	4036	;# 
   156   000FC5                     SSPCON2         equ	4037	;# 
   157   000FC6                     SSPCON1         equ	4038	;# 
   158   000FC7                     SSPSTAT         equ	4039	;# 
   159   000FC8                     SSPADD          equ	4040	;# 
   160   000FC9                     SSPBUF          equ	4041	;# 
   161   000FCA                     T2CON           equ	4042	;# 
   162   000FCB                     PR2             equ	4043	;# 
   163   000FCB                     MEMCON          equ	4043	;# 
   164   000FCC                     TMR2            equ	4044	;# 
   165   000FCD                     T1CON           equ	4045	;# 
   166   000FCE                     TMR1            equ	4046	;# 
   167   000FCE                     TMR1L           equ	4046	;# 
   168   000FCF                     TMR1H           equ	4047	;# 
   169   000FD0                     RCON            equ	4048	;# 
   170   000FD1                     WDTCON          equ	4049	;# 
   171   000FD2                     HLVDCON         equ	4050	;# 
   172   000FD2                     LVDCON          equ	4050	;# 
   173   000FD3                     OSCCON          equ	4051	;# 
   174   000FD5                     T0CON           equ	4053	;# 
   175   000FD6                     TMR0            equ	4054	;# 
   176   000FD6                     TMR0L           equ	4054	;# 
   177   000FD7                     TMR0H           equ	4055	;# 
   178   000FD8                     STATUS          equ	4056	;# 
   179   000FD9                     FSR2            equ	4057	;# 
   180   000FD9                     FSR2L           equ	4057	;# 
   181   000FDA                     FSR2H           equ	4058	;# 
   182   000FDB                     PLUSW2          equ	4059	;# 
   183   000FDC                     PREINC2         equ	4060	;# 
   184   000FDD                     POSTDEC2        equ	4061	;# 
   185   000FDE                     POSTINC2        equ	4062	;# 
   186   000FDF                     INDF2           equ	4063	;# 
   187   000FE0                     BSR             equ	4064	;# 
   188   000FE1                     FSR1            equ	4065	;# 
   189   000FE1                     FSR1L           equ	4065	;# 
   190   000FE2                     FSR1H           equ	4066	;# 
   191   000FE3                     PLUSW1          equ	4067	;# 
   192   000FE4                     PREINC1         equ	4068	;# 
   193   000FE5                     POSTDEC1        equ	4069	;# 
   194   000FE6                     POSTINC1        equ	4070	;# 
   195   000FE7                     INDF1           equ	4071	;# 
   196   000FE8                     WREG            equ	4072	;# 
   197   000FE9                     FSR0            equ	4073	;# 
   198   000FE9                     FSR0L           equ	4073	;# 
   199   000FEA                     FSR0H           equ	4074	;# 
   200   000FEB                     PLUSW0          equ	4075	;# 
   201   000FEC                     PREINC0         equ	4076	;# 
   202   000FED                     POSTDEC0        equ	4077	;# 
   203   000FEE                     POSTINC0        equ	4078	;# 
   204   000FEF                     INDF0           equ	4079	;# 
   205   000FF0                     INTCON3         equ	4080	;# 
   206   000FF1                     INTCON2         equ	4081	;# 
   207   000FF2                     INTCON          equ	4082	;# 
   208   000FF3                     PROD            equ	4083	;# 
   209   000FF3                     PRODL           equ	4083	;# 
   210   000FF4                     PRODH           equ	4084	;# 
   211   000FF5                     TABLAT          equ	4085	;# 
   212   000FF6                     TBLPTR          equ	4086	;# 
   213   000FF6                     TBLPTRL         equ	4086	;# 
   214   000FF7                     TBLPTRH         equ	4087	;# 
   215   000FF8                     TBLPTRU         equ	4088	;# 
   216   000FF9                     PCLAT           equ	4089	;# 
   217   000FF9                     PC              equ	4089	;# 
   218   000FF9                     PCL             equ	4089	;# 
   219   000FFA                     PCLATH          equ	4090	;# 
   220   000FFB                     PCLATU          equ	4091	;# 
   221   000FFC                     STKPTR          equ	4092	;# 
   222   000FFD                     TOS             equ	4093	;# 
   223   000FFD                     TOSL            equ	4093	;# 
   224   000FFE                     TOSH            equ	4094	;# 
   225   000FFF                     TOSU            equ	4095	;# 
   226   000FBE                     _CCPR1L         set	4030
   227   000FBD                     _CCP1CONbits    set	4029
   228   000F83                     _PORTD          set	3971
   229   000FCA                     _T2CON          set	4042
   230   000FBD                     _CCP1CON        set	4029
   231   000FCB                     _PR2            set	4043
   232   000FC1                     _ADCON1         set	4033
   233   000F95                     _TRISD          set	3989
   234   000F94                     _TRISC          set	3988
   235                           
   236                           ; #config settings
   237                           
   238                           	psect	cinit
   239   0006BC                     __pcinit:
   240                           	callstack 0
   241   0006BC                     start_initialization:
   242                           	callstack 0
   243   0006BC                     __initialization:
   244                           	callstack 0
   245   0006BC                     end_of_initialization:
   246                           	callstack 0
   247   0006BC                     __end_of__initialization:
   248                           	callstack 0
   249   0006BC  0100               	movlb	0
   250   0006BE  EF01  F003         	goto	_main	;jump to C main() function
   251                           
   252                           	psect	cstackCOMRAM
   253   000001                     __pcstackCOMRAM:
   254                           	callstack 0
   255   000001                     myMsDelay@time:
   256                           	callstack 0
   257                           
   258                           ; 2 bytes @ 0x0
   259   000001                     	ds	2
   260   000003                     myMsDelay@i:
   261                           	callstack 0
   262   000003                     
   263                           ; 1 bytes @ 0x2
   264   000003                     	ds	2
   265   000005                     myMsDelay@j:
   266                           	callstack 0
   267                           
   268                           ; 2 bytes @ 0x4
   269   000005                     	ds	2
   270   000007                     
   271                           ; 1 bytes @ 0x6
   272 ;;
   273 ;;Main: autosize = 0, tempsize = 0, incstack = 0, save=0
   274 ;;
   275 ;; *************** function _main *****************
   276 ;; Defined at:
   277 ;;		line 10 in file "main.c"
   278 ;; Parameters:    Size  Location     Type
   279 ;;		None
   280 ;; Auto vars:     Size  Location     Type
   281 ;;		None
   282 ;; Return value:  Size  Location     Type
   283 ;;                  1    wreg      void 
   284 ;; Registers used:
   285 ;;		wreg, status,2, status,0, cstack
   286 ;; Tracked objects:
   287 ;;		On entry : 0/0
   288 ;;		On exit  : 0/0
   289 ;;		Unchanged: 0/0
   290 ;; Data sizes:     COMRAM   BANK0   BANK1   BANK2   BANK3   BANK4   BANK5
   291 ;;      Params:         0       0       0       0       0       0       0
   292 ;;      Locals:         0       0       0       0       0       0       0
   293 ;;      Temps:          0       0       0       0       0       0       0
   294 ;;      Totals:         0       0       0       0       0       0       0
   295 ;;Total ram usage:        0 bytes
   296 ;; Hardware stack levels required when called: 1
   297 ;; This function calls:
   298 ;;		_myMsDelay
   299 ;; This function is called by:
   300 ;;		Startup code after reset
   301 ;; This function uses a non-reentrant model
   302 ;;
   303                           
   304                           	psect	text0
   305   000602                     __ptext0:
   306                           	callstack 0
   307   000602                     _main:
   308                           	callstack 30
   309   000602                     
   310                           ;main.c: 11:     TRISC = 0x00;
   311   000602  6A94               	clrf	148,c	;volatile
   312                           
   313                           ;main.c: 12:     TRISD = 0x00;
   314   000604  6A95               	clrf	149,c	;volatile
   315   000606                     
   316                           ;main.c: 13:     ADCON1 = 0x0e;
   317   000606  0E0E               	movlw	14
   318   000608  6EC1               	movwf	193,c	;volatile
   319                           
   320                           ;main.c: 14:     PR2 = 0xBA;
   321   00060A  0EBA               	movlw	186
   322   00060C  6ECB               	movwf	203,c	;volatile
   323                           
   324                           ;main.c: 15:     CCP1CON = 0x0c;
   325   00060E  0E0C               	movlw	12
   326   000610  6EBD               	movwf	189,c	;volatile
   327                           
   328                           ;main.c: 16:     T2CON = 0x07;
   329   000612  0E07               	movlw	7
   330   000614  6ECA               	movwf	202,c	;volatile
   331                           
   332                           ;main.c: 17:     PORTD = 0x05;
   333   000616  0E05               	movlw	5
   334   000618  6E83               	movwf	131,c	;volatile
   335   00061A                     l776:
   336                           
   337                           ;main.c: 20:     {;main.c: 22:         CCP1CONbits.DC1B0 = 0;
   338   00061A  98BD               	bcf	189,4,c	;volatile
   339   00061C                     
   340                           ;main.c: 23:         CCP1CONbits.DC1B1 = 1;
   341   00061C  8ABD               	bsf	189,5,c	;volatile
   342                           
   343                           ;main.c: 24:         CCPR1L = 0x25;
   344   00061E  0E25               	movlw	37
   345   000620  6EBE               	movwf	190,c	;volatile
   346   000622                     
   347                           ;main.c: 27:         myMsDelay(2000);
   348   000622  0E07               	movlw	7
   349   000624  6E02               	movwf	(myMsDelay@time+1)^0,c
   350   000626  0ED0               	movlw	208
   351   000628  6E01               	movwf	myMsDelay@time^0,c
   352   00062A  EC39  F003         	call	_myMsDelay	;wreg free
   353   00062E                     
   354                           ;main.c: 28:         CCP1CONbits.DC1B0 = 0;
   355   00062E  98BD               	bcf	189,4,c	;volatile
   356   000630                     
   357                           ;main.c: 29:         CCP1CONbits.DC1B1 = 0;
   358   000630  9ABD               	bcf	189,5,c	;volatile
   359   000632                     
   360                           ;main.c: 30:         CCPR1L = 0x1B;
   361   000632  0E1B               	movlw	27
   362   000634  6EBE               	movwf	190,c	;volatile
   363                           
   364                           ;main.c: 31:         myMsDelay(2000);
   365   000636  0E07               	movlw	7
   366   000638  6E02               	movwf	(myMsDelay@time+1)^0,c
   367   00063A  0ED0               	movlw	208
   368   00063C  6E01               	movwf	myMsDelay@time^0,c
   369   00063E  EC39  F003         	call	_myMsDelay	;wreg free
   370   000642                     
   371                           ;main.c: 34:         CCP1CONbits.DC1B0 = 0;
   372   000642  98BD               	bcf	189,4,c	;volatile
   373   000644                     
   374                           ;main.c: 35:         CCP1CONbits.DC1B1 = 1;
   375   000644  8ABD               	bsf	189,5,c	;volatile
   376   000646                     
   377                           ;main.c: 36:         CCPR1L = 0x70;
   378   000646  0E70               	movlw	112
   379   000648  6EBE               	movwf	190,c	;volatile
   380   00064A                     
   381                           ;main.c: 37:         myMsDelay(2000);
   382   00064A  0E07               	movlw	7
   383   00064C  6E02               	movwf	(myMsDelay@time+1)^0,c
   384   00064E  0ED0               	movlw	208
   385   000650  6E01               	movwf	myMsDelay@time^0,c
   386   000652  EC39  F003         	call	_myMsDelay	;wreg free
   387   000656                     
   388                           ;main.c: 40:         CCP1CONbits.DC1B0 = 0;
   389   000656  98BD               	bcf	189,4,c	;volatile
   390   000658                     
   391                           ;main.c: 41:         CCP1CONbits.DC1B1 = 0;
   392   000658  9ABD               	bcf	189,5,c	;volatile
   393                           
   394                           ;main.c: 42:         CCPR1L = 0x96;
   395   00065A  0E96               	movlw	150
   396   00065C  6EBE               	movwf	190,c	;volatile
   397   00065E                     
   398                           ;main.c: 43:         myMsDelay(2000);
   399   00065E  0E07               	movlw	7
   400   000660  6E02               	movwf	(myMsDelay@time+1)^0,c
   401   000662  0ED0               	movlw	208
   402   000664  6E01               	movwf	myMsDelay@time^0,c
   403   000666  EC39  F003         	call	_myMsDelay	;wreg free
   404   00066A  EF0D  F003         	goto	l776
   405   00066E  EFFE  F03F         	goto	start
   406   000672                     __end_of_main:
   407                           	callstack 0
   408                           
   409 ;; *************** function _myMsDelay *****************
   410 ;; Defined at:
   411 ;;		line 3 in file "main.c"
   412 ;; Parameters:    Size  Location     Type
   413 ;;  time            2    0[COMRAM] unsigned int 
   414 ;; Auto vars:     Size  Location     Type
   415 ;;  j               2    4[COMRAM] unsigned int 
   416 ;;  i               2    2[COMRAM] unsigned int 
   417 ;; Return value:  Size  Location     Type
   418 ;;                  1    wreg      void 
   419 ;; Registers used:
   420 ;;		wreg, status,2, status,0
   421 ;; Tracked objects:
   422 ;;		On entry : 0/0
   423 ;;		On exit  : 0/0
   424 ;;		Unchanged: 0/0
   425 ;; Data sizes:     COMRAM   BANK0   BANK1   BANK2   BANK3   BANK4   BANK5
   426 ;;      Params:         2       0       0       0       0       0       0
   427 ;;      Locals:         4       0       0       0       0       0       0
   428 ;;      Temps:          0       0       0       0       0       0       0
   429 ;;      Totals:         6       0       0       0       0       0       0
   430 ;;Total ram usage:        6 bytes
   431 ;; Hardware stack levels used: 1
   432 ;; This function calls:
   433 ;;		Nothing
   434 ;; This function is called by:
   435 ;;		_main
   436 ;; This function uses a non-reentrant model
   437 ;;
   438                           
   439                           	psect	text1
   440   000672                     __ptext1:
   441                           	callstack 0
   442   000672                     _myMsDelay:
   443                           	callstack 30
   444   000672                     
   445                           ;main.c: 3: void myMsDelay(unsigned int time);main.c: 4: {;main.c: 5:     unsigned int i
      +                          , j;;main.c: 6:     for (i = 0; i < time; i++)
   446   000672  0E00               	movlw	0
   447   000674  6E04               	movwf	(myMsDelay@i+1)^0,c
   448   000676  0E00               	movlw	0
   449   000678  6E03               	movwf	myMsDelay@i^0,c
   450   00067A  EF52  F003         	goto	l770
   451   00067E                     l758:
   452                           
   453                           ;main.c: 7:         for (j = 0; j < 710; j++);
   454   00067E  0E00               	movlw	0
   455   000680  6E06               	movwf	(myMsDelay@j+1)^0,c
   456   000682  0E00               	movlw	0
   457   000684  6E05               	movwf	myMsDelay@j^0,c
   458   000686                     l764:
   459   000686  4A05               	infsnz	myMsDelay@j^0,f,c
   460   000688  2A06               	incf	(myMsDelay@j+1)^0,f,c
   461   00068A  0EC6               	movlw	198
   462   00068C  5C05               	subwf	myMsDelay@j^0,w,c
   463   00068E  0E02               	movlw	2
   464   000690  5806               	subwfb	(myMsDelay@j+1)^0,w,c
   465   000692  A0D8               	btfss	status,0,c
   466   000694  EF4E  F003         	goto	u31
   467   000698  EF50  F003         	goto	u30
   468   00069C                     u31:
   469   00069C  EF43  F003         	goto	l764
   470   0006A0                     u30:
   471   0006A0  4A03               	infsnz	myMsDelay@i^0,f,c
   472   0006A2  2A04               	incf	(myMsDelay@i+1)^0,f,c
   473   0006A4                     l770:
   474   0006A4  5001               	movf	myMsDelay@time^0,w,c
   475   0006A6  5C03               	subwf	myMsDelay@i^0,w,c
   476   0006A8  5002               	movf	(myMsDelay@time+1)^0,w,c
   477   0006AA  5804               	subwfb	(myMsDelay@i+1)^0,w,c
   478   0006AC  A0D8               	btfss	status,0,c
   479   0006AE  EF5B  F003         	goto	u41
   480   0006B2  EF5D  F003         	goto	u40
   481   0006B6                     u41:
   482   0006B6  EF3F  F003         	goto	l758
   483   0006BA                     u40:
   484   0006BA  0012               	return		;funcret
   485   0006BC                     __end_of_myMsDelay:
   486                           	callstack 0
   487                           
   488                           	psect	smallconst
   489   000600                     __psmallconst:
   490                           	callstack 0
   491   000600  00                 	db	0
   492   000601  00                 	db	0	; dummy byte at the end
   493   000600                     __smallconst    set	__psmallconst
   494   000600                     __mediumconst   set	__psmallconst
   495   000000                     __activetblptr  equ	0
   496                           
   497                           	psect	rparam
   498   000001                     ___rparam_used  equ	1
   499   000000                     ___param_bank   equ	0
   500   000000                     __Lparam        equ	__Lrparam
   501   000000                     __Hparam        equ	__Hrparam
   502                           tosu	equ	0xFFF
   503                           tosh	equ	0xFFE
   504                           tosl	equ	0xFFD
   505                           stkptr	equ	0xFFC
   506                           pclatu	equ	0xFFB
   507                           pclath	equ	0xFFA
   508                           pcl	equ	0xFF9
   509                           tblptru	equ	0xFF8
   510                           tblptrh	equ	0xFF7
   511                           tblptrl	equ	0xFF6
   512                           tablat	equ	0xFF5
   513                           prodh	equ	0xFF4
   514                           prodl	equ	0xFF3
   515                           indf0	equ	0xFEF
   516                           postinc0	equ	0xFEE
   517                           postdec0	equ	0xFED
   518                           preinc0	equ	0xFEC
   519                           plusw0	equ	0xFEB
   520                           fsr0h	equ	0xFEA
   521                           fsr0l	equ	0xFE9
   522                           wreg	equ	0xFE8
   523                           indf1	equ	0xFE7
   524                           postinc1	equ	0xFE6
   525                           postdec1	equ	0xFE5
   526                           preinc1	equ	0xFE4
   527                           plusw1	equ	0xFE3
   528                           fsr1h	equ	0xFE2
   529                           fsr1l	equ	0xFE1
   530                           bsr	equ	0xFE0
   531                           indf2	equ	0xFDF
   532                           postinc2	equ	0xFDE
   533                           postdec2	equ	0xFDD
   534                           preinc2	equ	0xFDC
   535                           plusw2	equ	0xFDB
   536                           fsr2h	equ	0xFDA
   537                           fsr2l	equ	0xFD9
   538                           status	equ	0xFD8

Data Sizes:
    Strings     0
    Constant    0
    Data        0
    BSS         0
    Persistent  0
    Stack       0

Auto Spaces:
    Space          Size  Autos    Used
    COMRAM          127      6       6
    BANK0           128      0       0
    BANK1           256      0       0
    BANK2           256      0       0
    BANK3           256      0       0
    BANK4           256      0       0
    BANK5           256      0       0

Pointer List with Targets:

    None.

Critical Paths under _main in COMRAM

    _main->_myMsDelay

Critical Paths under _main in BANK0

    None.

Critical Paths under _main in BANK1

    None.

Critical Paths under _main in BANK2

    None.

Critical Paths under _main in BANK3

    None.

Critical Paths under _main in BANK4

    None.

Critical Paths under _main in BANK5

    None.

Call Graph Tables:

 ---------------------------------------------------------------------------------
 (Depth) Function   	        Calls       Base Space   Used Autos Params    Refs
 ---------------------------------------------------------------------------------
 (0) _main                                                 0     0      0      96
                          _myMsDelay
 ---------------------------------------------------------------------------------
 (1) _myMsDelay                                            6     4      2      96
                                              0 COMRAM     6     4      2
 ---------------------------------------------------------------------------------
 Estimated maximum stack depth 1
 ---------------------------------------------------------------------------------

 Call Graph Graphs:

 _main (ROOT)
   _myMsDelay

Address spaces:
Name               Size   Autos  Total    Usage
BITCOMRAM          127      0       0      0.0%
BITBANK0           128      0       0      0.0%
BITBANK1           256      0       0      0.0%
BITBANK2           256      0       0      0.0%
BITBANK3           256      0       0      0.0%
BITBANK4           256      0       0      0.0%
BITBANK5           256      0       0      0.0%
BITBIGSFRh          66      0       0      0.0%
BITBIGSFRlh         57      0       0      0.0%
BITBIGSFRll          3      0       0      0.0%
COMRAM             127      6       6      4.7%
BANK0              128      0       0      0.0%
BANK1              256      0       0      0.0%
BANK2              256      0       0      0.0%
BANK3              256      0       0      0.0%
BANK4              256      0       0      0.0%
BANK5              256      0       0      0.0%
BIGRAM            1535      0       0      0.0%
STACK                0      0       0      0.0%
DATA                 0      0       6      0.0%


Microchip Technology PIC18 Macro Assembler V3.00 build 20241204225717 
Symbol Table                                                                                   Thu May 08 15:54:37 2025

                     l26 06BA                       u30 06A0                       u31 069C  
                     u40 06BA                       u41 06B6                      l800 065E  
                    l770 06A4                      l764 0686                      l756 0672  
                    l780 0622                      l772 0602                      l766 068A  
                    l758 067E                      l790 0644                      l782 062E  
                    l774 0606                      l768 06A0                      l792 0646  
                    l784 0630                      l776 061A                      l794 064A  
                    l786 0632                      l778 061C                      l796 0656  
                    l788 0642                      l798 0658                      _PR2 0FCB  
                   _main 0602                     start 7FFC             ___param_bank 0000  
                  ?_main 0001                    _T2CON 0FCA                    _PORTD 0F83  
                  _TRISC 0F94                    _TRISD 0F95                    status 0FD8  
        __initialization 06BC             __end_of_main 0672                   ??_main 0007  
          __activetblptr 0000                   _ADCON1 0FC1                   _CCPR1L 0FBE  
                 isa$std 0001             __mediumconst 0600               __accesstop 0080  
__end_of__initialization 06BC            ___rparam_used 0001           __pcstackCOMRAM 0001  
                _CCP1CON 0FBD                  __Hparam 0000                  __Lparam 0000  
           __psmallconst 0600                  __pcinit 06BC                  __ramtop 0600  
                __ptext0 0602                  __ptext1 0672        __end_of_myMsDelay 06BC  
   end_of_initialization 06BC              _CCP1CONbits 0FBD      start_initialization 06BC  
             myMsDelay@i 0003               myMsDelay@j 0005              __smallconst 0600  
              _myMsDelay 0672               ?_myMsDelay 0001                 __Hrparam 0000  
               __Lrparam 0000                 isa$xinst 0000              ??_myMsDelay 0003  
          myMsDelay@time 0001  
